{"numTotalTestSuites":39,"numPassedTestSuites":39,"numFailedTestSuites":0,"numPendingTestSuites":0,"numTotalTests":200,"numPassedTests":200,"numFailedTests":0,"numPendingTests":0,"numTodoTests":0,"snapshot":{"added":0,"failure":false,"filesAdded":0,"filesRemoved":0,"filesRemovedList":[],"filesUnmatched":0,"filesUpdated":0,"matched":0,"total":0,"unchecked":0,"uncheckedKeysByFile":[],"unmatched":0,"updated":0,"didUpdate":false},"startTime":1782101926263,"success":true,"testResults":[{"assertionResults":[{"ancestorTitles":["E2E - Flujo Completo del Carrito"],"fullName":"E2E - Flujo Completo del Carrito E2E-01: flujo completo add → total → puntos → clear","status":"passed","title":"E2E-01: flujo completo add → total → puntos → clear","duration":3.0342000000000553,"failureMessages":[],"meta":{},"tags":[]},{"ancestorTitles":["E2E - Flujo Completo del Carrito"],"fullName":"E2E - Flujo Completo del Carrito E2E-02: agregar y modificar cantidad refleja total correcto","status":"passed","title":"E2E-02: agregar y modificar cantidad refleja total correcto","duration":0.5533000000000357,"failureMessages":[],"meta":{},"tags":[]},{"ancestorTitles":["E2E - Flujo Completo del Carrito"],"fullName":"E2E - Flujo Completo del Carrito E2E-03: total final con descuento porcentual es correcto","status":"passed","title":"E2E-03: total final con descuento porcentual es correcto","duration":0.49319999999988795,"failureMessages":[],"meta":{},"tags":[]},{"ancestorTitles":["E2E - Flujo Completo del Carrito"],"fullName":"E2E - Flujo Completo del Carrito E2E-04: promo 2x1 calcula ahorro correcto sobre carrito","status":"passed","title":"E2E-04: promo 2x1 calcula ahorro correcto sobre carrito","duration":0.384900000000016,"failureMessages":[],"meta":{},"tags":[]},{"ancestorTitles":["E2E - Flujo Completo del Carrito"],"fullName":"E2E - Flujo Completo del Carrito E2E-05: el total formateado muestra símbolo Bs correctamente","status":"passed","title":"E2E-05: el total formateado muestra símbolo Bs correctamente","duration":0.3316999999997279,"failureMessages":[],"meta":{},"tags":[]},{"ancestorTitles":["E2E - Flujo Completo del Carrito"],"fullName":"E2E - Flujo Completo del Carrito E2E-06: los puntos se calculan sobre el total final con descuento","status":"passed","title":"E2E-06: los puntos se calculan sobre el total final con descuento","duration":0.19129999999995562,"failureMessages":[],"meta":{},"tags":[]},{"ancestorTitles":["E2E - Flujo Completo del Carrito"],"fullName":"E2E - Flujo Completo del Carrito E2E-07: eliminar todos los productos deja el carrito vacío","status":"passed","title":"E2E-07: eliminar todos los productos deja el carrito vacío","duration":0.5367000000001099,"failureMessages":[],"meta":{},"tags":[]},{"ancestorTitles":["E2E - Flujo Completo del Carrito"],"fullName":"E2E - Flujo Completo del Carrito E2E-08: precio_con_descuento afecta total y puntos a ganar","status":"passed","title":"E2E-08: precio_con_descuento afecta total y puntos a ganar","duration":0.20440000000007785,"failureMessages":[],"meta":{},"tags":[]},{"ancestorTitles":["E2E - Flujo Completo del Carrito"],"fullName":"E2E - Flujo Completo del Carrito E2E-09: el código de cupón generado tiene formato válido","status":"passed","title":"E2E-09: el código de cupón generado tiene formato válido","duration":0.6882999999997992,"failureMessages":[],"meta":{},"tags":[]},{"ancestorTitles":["E2E - Flujo Completo del Carrito"],"fullName":"E2E - Flujo Completo del Carrito E2E-10: múltiples cupones generados son únicos","status":"passed","title":"E2E-10: múltiples cupones generados son únicos","duration":0.3683000000000902,"failureMessages":[],"meta":{},"tags":[]},{"ancestorTitles":["E2E - Flujo Completo del Carrito"],"fullName":"E2E - Flujo Completo del Carrito E2E-11: combo incompleto no modifica el total del carrito","status":"passed","title":"E2E-11: combo incompleto no modifica el total del carrito","duration":0.3587999999999738,"failureMessages":[],"meta":{},"tags":[]},{"ancestorTitles":["E2E - Flujo Completo del Carrito"],"fullName":"E2E - Flujo Completo del Carrito E2E-12: registrarPuntosCompra recibe el total correcto del carrito","status":"passed","title":"E2E-12: registrarPuntosCompra recibe el total correcto del carrito","duration":6.858200000000124,"failureMessages":[],"meta":{},"tags":[]},{"ancestorTitles":["E2E - Flujo Completo del Carrito"],"fullName":"E2E - Flujo Completo del Carrito E2E-13: formatCurrencyValue retorna total sin símbolo para usar en inputs","status":"passed","title":"E2E-13: formatCurrencyValue retorna total sin símbolo para usar en inputs","duration":0.21929999999974825,"failureMessages":[],"meta":{},"tags":[]},{"ancestorTitles":["E2E - Flujo Completo del Carrito"],"fullName":"E2E - Flujo Completo del Carrito E2E-14: getItemCount retorna el total de unidades en el carrito","status":"passed","title":"E2E-14: getItemCount retorna el total de unidades en el carrito","duration":0.12789999999995416,"failureMessages":[],"meta":{},"tags":[]},{"ancestorTitles":["E2E - Flujo Completo del Carrito"],"fullName":"E2E - Flujo Completo del Carrito E2E-15: ciclo completo add-update-remove mantiene consistencia en cada paso","status":"passed","title":"E2E-15: ciclo completo add-update-remove mantiene consistencia en cada paso","duration":0.2141999999998916,"failureMessages":[],"meta":{},"tags":[]}],"startTime":1782101929865,"endTime":1782101929880.2192,"status":"passed","message":"","name":"D:/Universidad/MiniMarket2/MiniMarketWeb2-main/MiniMarketWeb2-main/MiniMarketWeb-final/test/e2e/flujoCarrito.e2e.test.jsx"},{"assertionResults":[{"ancestorTitles":["E2E - Flujo de Login"],"fullName":"E2E - Flujo de Login E2E-01: se muestra el formulario de login con campos de usuario y contraseña","status":"passed","title":"E2E-01: se muestra el formulario de login con campos de usuario y contraseña","duration":56.87230000000045,"failureMessages":[],"meta":{},"tags":[]},{"ancestorTitles":["E2E - Flujo de Login"],"fullName":"E2E - Flujo de Login E2E-02: el botón de iniciar sesión está visible","status":"passed","title":"E2E-02: el botón de iniciar sesión está visible","duration":112.10530000000017,"failureMessages":[],"meta":{},"tags":[]},{"ancestorTitles":["E2E - Flujo de Login"],"fullName":"E2E - Flujo de Login E2E-03: enviar formulario vacío no llama al servicio de autenticación","status":"passed","title":"E2E-03: enviar formulario vacío no llama al servicio de autenticación","duration":20.006700000000365,"failureMessages":[],"meta":{},"tags":[]},{"ancestorTitles":["E2E - Flujo de Login"],"fullName":"E2E - Flujo de Login E2E-04: credenciales inválidas muestran mensaje de error","status":"passed","title":"E2E-04: credenciales inválidas muestran mensaje de error","duration":55.922799999999825,"failureMessages":[],"meta":{},"tags":[]},{"ancestorTitles":["E2E - Flujo de Login"],"fullName":"E2E - Flujo de Login E2E-05: login exitoso guarda usuario en el store con rol cliente","status":"passed","title":"E2E-05: login exitoso guarda usuario en el store con rol cliente","duration":1.2485000000001492,"failureMessages":[],"meta":{},"tags":[]},{"ancestorTitles":["E2E - Flujo de Login"],"fullName":"E2E - Flujo de Login E2E-06: login exitoso guarda usuario en el store con rol empleado","status":"passed","title":"E2E-06: login exitoso guarda usuario en el store con rol empleado","duration":1.0923000000002503,"failureMessages":[],"meta":{},"tags":[]},{"ancestorTitles":["E2E - Flujo de Login"],"fullName":"E2E - Flujo de Login E2E-07: login exitoso guarda usuario en el store con rol admin","status":"passed","title":"E2E-07: login exitoso guarda usuario en el store con rol admin","duration":0.9209999999998217,"failureMessages":[],"meta":{},"tags":[]},{"ancestorTitles":["E2E - Flujo de Login"],"fullName":"E2E - Flujo de Login E2E-08: cerrar sesión limpia el usuario del store","status":"passed","title":"E2E-08: cerrar sesión limpia el usuario del store","duration":0.44350000000031287,"failureMessages":[],"meta":{},"tags":[]},{"ancestorTitles":["E2E - Flujo de Login"],"fullName":"E2E - Flujo de Login E2E-09: la página de login contiene enlace al registro","status":"passed","title":"E2E-09: la página de login contiene enlace al registro","duration":7.264999999999873,"failureMessages":[],"meta":{},"tags":[]},{"ancestorTitles":["E2E - Flujo de Login"],"fullName":"E2E - Flujo de Login E2E-10: el rol del usuario se normaliza a minúsculas al hacer login","status":"passed","title":"E2E-10: el rol del usuario se normaliza a minúsculas al hacer login","duration":0.7858000000001084,"failureMessages":[],"meta":{},"tags":[]},{"ancestorTitles":["E2E - Flujo de Login"],"fullName":"E2E - Flujo de Login E2E-11: login exitoso como repartidor actualiza el store","status":"passed","title":"E2E-11: login exitoso como repartidor actualiza el store","duration":0.6143000000001848,"failureMessages":[],"meta":{},"tags":[]},{"ancestorTitles":["E2E - Flujo de Login"],"fullName":"E2E - Flujo de Login E2E-12: signIn retorna objeto con success:true en login exitoso","status":"passed","title":"E2E-12: signIn retorna objeto con success:true en login exitoso","duration":0.3534999999997126,"failureMessages":[],"meta":{},"tags":[]},{"ancestorTitles":["E2E - Flujo de Login"],"fullName":"E2E - Flujo de Login E2E-13: signIn retorna objeto con success:false en login fallido","status":"passed","title":"E2E-13: signIn retorna objeto con success:false en login fallido","duration":0.9944000000000415,"failureMessages":[],"meta":{},"tags":[]},{"ancestorTitles":["E2E - Flujo de Login"],"fullName":"E2E - Flujo de Login E2E-14: el estado loading no queda atascado en true después del login","status":"passed","title":"E2E-14: el estado loading no queda atascado en true después del login","duration":0.6705999999999221,"failureMessages":[],"meta":{},"tags":[]},{"ancestorTitles":["E2E - Flujo de Login"],"fullName":"E2E - Flujo de Login E2E-15: hacer signOut múltiples veces no lanza excepciones","status":"passed","title":"E2E-15: hacer signOut múltiples veces no lanza excepciones","duration":0.8699999999998909,"failureMessages":[],"meta":{},"tags":[]}],"startTime":1782101929960,"endTime":1782101930219.87,"status":"passed","message":"","name":"D:/Universidad/MiniMarket2/MiniMarketWeb2-main/MiniMarketWeb2-main/MiniMarketWeb-final/test/e2e/flujoLogin.e2e.test.jsx"},{"assertionResults":[{"ancestorTitles":["E2E - Flujo de Registro"],"fullName":"E2E - Flujo de Registro E2E-01: el formulario de registro tiene campos de usuario, nombre, teléfono y contraseña","status":"passed","title":"E2E-01: el formulario de registro tiene campos de usuario, nombre, teléfono y contraseña","duration":46.897799999999734,"failureMessages":[],"meta":{},"tags":[]},{"ancestorTitles":["E2E - Flujo de Registro"],"fullName":"E2E - Flujo de Registro E2E-02: el botón de registro está visible en la página","status":"passed","title":"E2E-02: el botón de registro está visible en la página","duration":119.85820000000012,"failureMessages":[],"meta":{},"tags":[]},{"ancestorTitles":["E2E - Flujo de Registro"],"fullName":"E2E - Flujo de Registro E2E-03: la página de registro tiene un enlace de vuelta al login","status":"passed","title":"E2E-03: la página de registro tiene un enlace de vuelta al login","duration":10.644800000000032,"failureMessages":[],"meta":{},"tags":[]},{"ancestorTitles":["E2E - Flujo de Registro"],"fullName":"E2E - Flujo de Registro E2E-04: signUp exitoso guarda el nuevo usuario en el store","status":"passed","title":"E2E-04: signUp exitoso guarda el nuevo usuario en el store","duration":0.9063999999998487,"failureMessages":[],"meta":{},"tags":[]},{"ancestorTitles":["E2E - Flujo de Registro"],"fullName":"E2E - Flujo de Registro E2E-05: signUp fallido no guarda ningún usuario en el store","status":"passed","title":"E2E-05: signUp fallido no guarda ningún usuario en el store","duration":0.3243000000002212,"failureMessages":[],"meta":{},"tags":[]},{"ancestorTitles":["E2E - Flujo de Registro"],"fullName":"E2E - Flujo de Registro E2E-06: el usuario registrado tiene rol cliente por defecto","status":"passed","title":"E2E-06: el usuario registrado tiene rol cliente por defecto","duration":0.22769999999991342,"failureMessages":[],"meta":{},"tags":[]},{"ancestorTitles":["E2E - Flujo de Registro"],"fullName":"E2E - Flujo de Registro E2E-07: updateProfile actualiza los datos del perfil en el store","status":"passed","title":"E2E-07: updateProfile actualiza los datos del perfil en el store","duration":0.46319999999968786,"failureMessages":[],"meta":{},"tags":[]},{"ancestorTitles":["E2E - Flujo de Registro"],"fullName":"E2E - Flujo de Registro E2E-08: updateProfile para empleado actualiza tabla empleado","status":"passed","title":"E2E-08: updateProfile para empleado actualiza tabla empleado","duration":1.3173000000001593,"failureMessages":[],"meta":{},"tags":[]},{"ancestorTitles":["E2E - Flujo de Registro"],"fullName":"E2E - Flujo de Registro E2E-09: updateProfile con error de BD retorna success:false","status":"passed","title":"E2E-09: updateProfile con error de BD retorna success:false","duration":0.6236000000003514,"failureMessages":[],"meta":{},"tags":[]},{"ancestorTitles":["E2E - Flujo de Registro"],"fullName":"E2E - Flujo de Registro E2E-10: el nuevo cliente se crea con crédito 0","status":"passed","title":"E2E-10: el nuevo cliente se crea con crédito 0","duration":0.42780000000038854,"failureMessages":[],"meta":{},"tags":[]},{"ancestorTitles":["E2E - Flujo de Registro"],"fullName":"E2E - Flujo de Registro E2E-11: el perfil es null antes de iniciar sesión","status":"passed","title":"E2E-11: el perfil es null antes de iniciar sesión","duration":0.3045999999999367,"failureMessages":[],"meta":{},"tags":[]},{"ancestorTitles":["E2E - Flujo de Registro"],"fullName":"E2E - Flujo de Registro E2E-12: signIn combina datos de usuario y cliente en el perfil","status":"passed","title":"E2E-12: signIn combina datos de usuario y cliente en el perfil","duration":1.9119999999998072,"failureMessages":[],"meta":{},"tags":[]},{"ancestorTitles":["E2E - Flujo de Registro"],"fullName":"E2E - Flujo de Registro E2E-13: initialize no lanza error con localStorage vacío","status":"passed","title":"E2E-13: initialize no lanza error con localStorage vacío","duration":1.4356000000002496,"failureMessages":[],"meta":{},"tags":[]},{"ancestorTitles":["E2E - Flujo de Registro"],"fullName":"E2E - Flujo de Registro E2E-14: signUp primero inserta en tabla usuario","status":"passed","title":"E2E-14: signUp primero inserta en tabla usuario","duration":0.28150000000005093,"failureMessages":[],"meta":{},"tags":[]},{"ancestorTitles":["E2E - Flujo de Registro"],"fullName":"E2E - Flujo de Registro E2E-15: los helpers de rol retornan valores coherentes tras el login","status":"passed","title":"E2E-15: los helpers de rol retornan valores coherentes tras el login","duration":0.621599999999944,"failureMessages":[],"meta":{},"tags":[]}],"startTime":1782101929960,"endTime":1782101930146.6216,"status":"passed","message":"","name":"D:/Universidad/MiniMarket2/MiniMarketWeb2-main/MiniMarketWeb2-main/MiniMarketWeb-final/test/e2e/flujoRegistro.e2e.test.jsx"},{"assertionResults":[{"ancestorTitles":["Flujo de Autenticación - Pruebas de Integración"],"fullName":"Flujo de Autenticación - Pruebas de Integración I-01: ProtectedRoute redirige a /login si no hay usuario","status":"passed","title":"I-01: ProtectedRoute redirige a /login si no hay usuario","duration":19.272599999999784,"failureMessages":[],"meta":{},"tags":[]},{"ancestorTitles":["Flujo de Autenticación - Pruebas de Integración"],"fullName":"Flujo de Autenticación - Pruebas de Integración I-02: ProtectedRoute muestra contenido cuando hay sesión activa","status":"passed","title":"I-02: ProtectedRoute muestra contenido cuando hay sesión activa","duration":17.508699999999862,"failureMessages":[],"meta":{},"tags":[]},{"ancestorTitles":["Flujo de Autenticación - Pruebas de Integración"],"fullName":"Flujo de Autenticación - Pruebas de Integración I-03: ProtectedRoute bloquea cliente que intenta acceder a área de empleado","status":"passed","title":"I-03: ProtectedRoute bloquea cliente que intenta acceder a área de empleado","duration":3.2181000000000495,"failureMessages":[],"meta":{},"tags":[]},{"ancestorTitles":["Flujo de Autenticación - Pruebas de Integración"],"fullName":"Flujo de Autenticación - Pruebas de Integración I-04: ProtectedRoute permite acceso a empleado en área de empleado","status":"passed","title":"I-04: ProtectedRoute permite acceso a empleado en área de empleado","duration":2.3176000000003114,"failureMessages":[],"meta":{},"tags":[]},{"ancestorTitles":["Flujo de Autenticación - Pruebas de Integración"],"fullName":"Flujo de Autenticación - Pruebas de Integración I-05: ProtectedRoute permite acceso a admin en área de empleado","status":"passed","title":"I-05: ProtectedRoute permite acceso a admin en área de empleado","duration":2.485400000000027,"failureMessages":[],"meta":{},"tags":[]},{"ancestorTitles":["Flujo de Autenticación - Pruebas de Integración"],"fullName":"Flujo de Autenticación - Pruebas de Integración I-06: ProtectedRoute bloquea repartidor que intenta área de cliente","status":"passed","title":"I-06: ProtectedRoute bloquea repartidor que intenta área de cliente","duration":1.9060999999996966,"failureMessages":[],"meta":{},"tags":[]},{"ancestorTitles":["Flujo de Autenticación - Pruebas de Integración"],"fullName":"Flujo de Autenticación - Pruebas de Integración I-07: ProtectedRoute muestra pantalla de carga cuando loading es true","status":"passed","title":"I-07: ProtectedRoute muestra pantalla de carga cuando loading es true","duration":6.993799999999737,"failureMessages":[],"meta":{},"tags":[]},{"ancestorTitles":["Flujo de Autenticación - Pruebas de Integración"],"fullName":"Flujo de Autenticación - Pruebas de Integración I-08: signIn exitoso guarda usuario y perfil en el store","status":"passed","title":"I-08: signIn exitoso guarda usuario y perfil en el store","duration":1.6134000000001834,"failureMessages":[],"meta":{},"tags":[]},{"ancestorTitles":["Flujo de Autenticación - Pruebas de Integración"],"fullName":"Flujo de Autenticación - Pruebas de Integración I-09: signIn fallido deja el estado sin usuario","status":"passed","title":"I-09: signIn fallido deja el estado sin usuario","duration":5.539900000000216,"failureMessages":[],"meta":{},"tags":[]},{"ancestorTitles":["Flujo de Autenticación - Pruebas de Integración"],"fullName":"Flujo de Autenticación - Pruebas de Integración I-10: signOut elimina usuario y perfil del store","status":"passed","title":"I-10: signOut elimina usuario y perfil del store","duration":0.35059999999975844,"failureMessages":[],"meta":{},"tags":[]},{"ancestorTitles":["Flujo de Autenticación - Pruebas de Integración"],"fullName":"Flujo de Autenticación - Pruebas de Integración I-11: ProtectedRoute permite repartidor en área de repartidor","status":"passed","title":"I-11: ProtectedRoute permite repartidor en área de repartidor","duration":1.9236000000000786,"failureMessages":[],"meta":{},"tags":[]},{"ancestorTitles":["Flujo de Autenticación - Pruebas de Integración"],"fullName":"Flujo de Autenticación - Pruebas de Integración I-12: ProtectedRoute bloquea cliente en área de repartidor","status":"passed","title":"I-12: ProtectedRoute bloquea cliente en área de repartidor","duration":1.8123999999997977,"failureMessages":[],"meta":{},"tags":[]},{"ancestorTitles":["Flujo de Autenticación - Pruebas de Integración"],"fullName":"Flujo de Autenticación - Pruebas de Integración I-13: initialize finaliza con loading=false","status":"passed","title":"I-13: initialize finaliza con loading=false","duration":0.436399999999594,"failureMessages":[],"meta":{},"tags":[]},{"ancestorTitles":["Flujo de Autenticación - Pruebas de Integración"],"fullName":"Flujo de Autenticación - Pruebas de Integración I-14: múltiples ProtectedRoutes respetan la misma sesión","status":"passed","title":"I-14: múltiples ProtectedRoutes respetan la misma sesión","duration":2.208599999999933,"failureMessages":[],"meta":{},"tags":[]},{"ancestorTitles":["Flujo de Autenticación - Pruebas de Integración"],"fullName":"Flujo de Autenticación - Pruebas de Integración I-15: signUp exitoso guarda el nuevo usuario en el store","status":"passed","title":"I-15: signUp exitoso guarda el nuevo usuario en el store","duration":0.3922000000002299,"failureMessages":[],"meta":{},"tags":[]}],"startTime":1782101929920,"endTime":1782101929988.392,"status":"passed","message":"","name":"D:/Universidad/MiniMarket2/MiniMarketWeb2-main/MiniMarketWeb2-main/MiniMarketWeb-final/test/integration/authFlow.integration.test.jsx"},{"assertionResults":[{"ancestorTitles":["Carrito + Lealtad - Pruebas de Integración"],"fullName":"Carrito + Lealtad - Pruebas de Integración I-01: puntos calculados coinciden con total del carrito (getTotal)","status":"passed","title":"I-01: puntos calculados coinciden con total del carrito (getTotal)","duration":3.9788000000003194,"failureMessages":[],"meta":{},"tags":[]},{"ancestorTitles":["Carrito + Lealtad - Pruebas de Integración"],"fullName":"Carrito + Lealtad - Pruebas de Integración I-02: carrito vacío genera 0 puntos de lealtad","status":"passed","title":"I-02: carrito vacío genera 0 puntos de lealtad","duration":0.5073000000002139,"failureMessages":[],"meta":{},"tags":[]},{"ancestorTitles":["Carrito + Lealtad - Pruebas de Integración"],"fullName":"Carrito + Lealtad - Pruebas de Integración I-03: puntos son proporcionales al total con múltiples productos","status":"passed","title":"I-03: puntos son proporcionales al total con múltiples productos","duration":0.3501000000001113,"failureMessages":[],"meta":{},"tags":[]},{"ancestorTitles":["Carrito + Lealtad - Pruebas de Integración"],"fullName":"Carrito + Lealtad - Pruebas de Integración I-04: actualizar cantidad en carrito cambia los puntos a ganar","status":"passed","title":"I-04: actualizar cantidad en carrito cambia los puntos a ganar","duration":0.5311999999998989,"failureMessages":[],"meta":{},"tags":[]},{"ancestorTitles":["Carrito + Lealtad - Pruebas de Integración"],"fullName":"Carrito + Lealtad - Pruebas de Integración I-05: eliminar un producto reduce los puntos a ganar","status":"passed","title":"I-05: eliminar un producto reduce los puntos a ganar","duration":0.4619999999999891,"failureMessages":[],"meta":{},"tags":[]},{"ancestorTitles":["Carrito + Lealtad - Pruebas de Integración"],"fullName":"Carrito + Lealtad - Pruebas de Integración I-06: vaciar carrito resetea los puntos a 0","status":"passed","title":"I-06: vaciar carrito resetea los puntos a 0","duration":0.30310000000008586,"failureMessages":[],"meta":{},"tags":[]},{"ancestorTitles":["Carrito + Lealtad - Pruebas de Integración"],"fullName":"Carrito + Lealtad - Pruebas de Integración I-07: registrarPuntosCompra inserta correctamente en Supabase","status":"passed","title":"I-07: registrarPuntosCompra inserta correctamente en Supabase","duration":3.151499999999942,"failureMessages":[],"meta":{},"tags":[]},{"ancestorTitles":["Carrito + Lealtad - Pruebas de Integración"],"fullName":"Carrito + Lealtad - Pruebas de Integración I-08: precio_con_descuento reduce el total y los puntos a ganar","status":"passed","title":"I-08: precio_con_descuento reduce el total y los puntos a ganar","duration":0.49739999999974316,"failureMessages":[],"meta":{},"tags":[]},{"ancestorTitles":["Carrito + Lealtad - Pruebas de Integración"],"fullName":"Carrito + Lealtad - Pruebas de Integración I-09: getItemCount no interfiere con el cálculo de puntos","status":"passed","title":"I-09: getItemCount no interfiere con el cálculo de puntos","duration":0.8894000000000233,"failureMessages":[],"meta":{},"tags":[]},{"ancestorTitles":["Carrito + Lealtad - Pruebas de Integración"],"fullName":"Carrito + Lealtad - Pruebas de Integración I-10: puntos siempre son enteros para cualquier combinación de carrito","status":"passed","title":"I-10: puntos siempre son enteros para cualquier combinación de carrito","duration":0.5549000000000888,"failureMessages":[],"meta":{},"tags":[]},{"ancestorTitles":["Carrito + Lealtad - Pruebas de Integración"],"fullName":"Carrito + Lealtad - Pruebas de Integración I-11: obtenerRecompensas consulta la tabla recompensa en Supabase","status":"passed","title":"I-11: obtenerRecompensas consulta la tabla recompensa en Supabase","duration":0.6729000000000269,"failureMessages":[],"meta":{},"tags":[]},{"ancestorTitles":["Carrito + Lealtad - Pruebas de Integración"],"fullName":"Carrito + Lealtad - Pruebas de Integración I-12: obtenerProgramaLealtad consulta la tabla programa_lealtad","status":"passed","title":"I-12: obtenerProgramaLealtad consulta la tabla programa_lealtad","duration":0.3818999999998596,"failureMessages":[],"meta":{},"tags":[]},{"ancestorTitles":["Carrito + Lealtad - Pruebas de Integración"],"fullName":"Carrito + Lealtad - Pruebas de Integración I-13: agregar mismo producto varias veces suma total correctamente para puntos","status":"passed","title":"I-13: agregar mismo producto varias veces suma total correctamente para puntos","duration":0.3213999999998123,"failureMessages":[],"meta":{},"tags":[]},{"ancestorTitles":["Carrito + Lealtad - Pruebas de Integración"],"fullName":"Carrito + Lealtad - Pruebas de Integración I-14: add-remove-add mantiene total y puntos coherentes","status":"passed","title":"I-14: add-remove-add mantiene total y puntos coherentes","duration":0.20109999999976935,"failureMessages":[],"meta":{},"tags":[]},{"ancestorTitles":["Carrito + Lealtad - Pruebas de Integración"],"fullName":"Carrito + Lealtad - Pruebas de Integración I-15: cualquier compra > 0 Bs genera al menos 1 punto","status":"passed","title":"I-15: cualquier compra > 0 Bs genera al menos 1 punto","duration":0.24240000000008877,"failureMessages":[],"meta":{},"tags":[]}],"startTime":1782101929619,"endTime":1782101929633.2424,"status":"passed","message":"","name":"D:/Universidad/MiniMarket2/MiniMarketWeb2-main/MiniMarketWeb2-main/MiniMarketWeb-final/test/integration/carritoLealtad.integration.test.js"},{"assertionResults":[{"ancestorTitles":["DevolucionesService (integración) - obtenerPoliticasDevolucion"],"fullName":"DevolucionesService (integración) - obtenerPoliticasDevolucion devuelve políticas activas cuando Supabase responde OK","status":"passed","title":"devuelve políticas activas cuando Supabase responde OK","duration":5.723500000000058,"failureMessages":[],"meta":{},"tags":[]},{"ancestorTitles":["DevolucionesService (integración) - obtenerPoliticasDevolucion"],"fullName":"DevolucionesService (integración) - obtenerPoliticasDevolucion lanza error si Supabase falla","status":"passed","title":"lanza error si Supabase falla","duration":1.563799999999901,"failureMessages":[],"meta":{},"tags":[]},{"ancestorTitles":["DevolucionesService (integración) - crearPoliticaDevolucion"],"fullName":"DevolucionesService (integración) - crearPoliticaDevolucion crea una política y devuelve el registro insertado","status":"passed","title":"crea una política y devuelve el registro insertado","duration":1.6293000000000575,"failureMessages":[],"meta":{},"tags":[]},{"ancestorTitles":["DevolucionesService (integración) - crearPoliticaDevolucion"],"fullName":"DevolucionesService (integración) - crearPoliticaDevolucion lanza error si la inserción falla","status":"passed","title":"lanza error si la inserción falla","duration":0.5893000000000939,"failureMessages":[],"meta":{},"tags":[]},{"ancestorTitles":["DevolucionesService (integración) - crearSolicitudDevolucion (flujo de error)"],"fullName":"DevolucionesService (integración) - crearSolicitudDevolucion (flujo de error) lanza error si el detalle de venta no existe en Supabase","status":"passed","title":"lanza error si el detalle de venta no existe en Supabase","duration":1.5873999999998887,"failureMessages":[],"meta":{},"tags":[]},{"ancestorTitles":["DevolucionesService (integración) - crearSolicitudDevolucion (flujo de error)"],"fullName":"DevolucionesService (integración) - crearSolicitudDevolucion (flujo de error) lanza error si la venta no pertenece al cliente","status":"passed","title":"lanza error si la venta no pertenece al cliente","duration":0.7950000000000728,"failureMessages":[],"meta":{},"tags":[]},{"ancestorTitles":["DevolucionesService (integración) - crearSolicitudDevolucion (flujo de error)"],"fullName":"DevolucionesService (integración) - crearSolicitudDevolucion (flujo de error) lanza error si el período de devolución ha expirado","status":"passed","title":"lanza error si el período de devolución ha expirado","duration":0.8301000000001295,"failureMessages":[],"meta":{},"tags":[]}],"startTime":1782101929615,"endTime":1782101929628.83,"status":"passed","message":"","name":"D:/Universidad/MiniMarket2/MiniMarketWeb2-main/MiniMarketWeb2-main/MiniMarketWeb-final/test/integration/devolucionesService.integration.test.js"},{"assertionResults":[{"ancestorTitles":["LealtadService (integración) - calcularPuntosCompra"],"fullName":"LealtadService (integración) - calcularPuntosCompra calcula la mitad del total redondeada (100 → 50)","status":"passed","title":"calcula la mitad del total redondeada (100 → 50)","duration":3.74579999999969,"failureMessages":[],"meta":{},"tags":[]},{"ancestorTitles":["LealtadService (integración) - calcularPuntosCompra"],"fullName":"LealtadService (integración) - calcularPuntosCompra redondea hacia arriba para impares (101 → 51)","status":"passed","title":"redondea hacia arriba para impares (101 → 51)","duration":0.533100000000104,"failureMessages":[],"meta":{},"tags":[]},{"ancestorTitles":["LealtadService (integración) - calcularPuntosCompra"],"fullName":"LealtadService (integración) - calcularPuntosCompra devuelve 0 para compra de 0","status":"passed","title":"devuelve 0 para compra de 0","duration":0.3787999999999556,"failureMessages":[],"meta":{},"tags":[]},{"ancestorTitles":["LealtadService (integración) - calcularPuntosCompra"],"fullName":"LealtadService (integración) - calcularPuntosCompra maneja montos grandes (1000 → 500)","status":"passed","title":"maneja montos grandes (1000 → 500)","duration":0.4393000000000029,"failureMessages":[],"meta":{},"tags":[]},{"ancestorTitles":["LealtadService (integración) - obtenerProgramaLealtad"],"fullName":"LealtadService (integración) - obtenerProgramaLealtad devuelve el programa activo cuando Supabase responde OK","status":"passed","title":"devuelve el programa activo cuando Supabase responde OK","duration":4.950199999999768,"failureMessages":[],"meta":{},"tags":[]},{"ancestorTitles":["LealtadService (integración) - obtenerProgramaLealtad"],"fullName":"LealtadService (integración) - obtenerProgramaLealtad crea un programa por defecto si no hay programa activo","status":"passed","title":"crea un programa por defecto si no hay programa activo","duration":1.3696999999997388,"failureMessages":[],"meta":{},"tags":[]},{"ancestorTitles":["LealtadService (integración) - obtenerProgramaLealtad"],"fullName":"LealtadService (integración) - obtenerProgramaLealtad devuelve fallback si Supabase falla con otros códigos","status":"passed","title":"devuelve fallback si Supabase falla con otros códigos","duration":2.978599999999915,"failureMessages":[],"meta":{},"tags":[]},{"ancestorTitles":["LealtadService (integración) - obtenerNivelesCliente"],"fullName":"LealtadService (integración) - obtenerNivelesCliente devuelve los niveles cuando Supabase responde OK","status":"passed","title":"devuelve los niveles cuando Supabase responde OK","duration":1.6520000000000437,"failureMessages":[],"meta":{},"tags":[]},{"ancestorTitles":["LealtadService (integración) - obtenerNivelesCliente"],"fullName":"LealtadService (integración) - obtenerNivelesCliente lanza error si Supabase falla","status":"passed","title":"lanza error si Supabase falla","duration":2.3330000000000837,"failureMessages":[],"meta":{},"tags":[]},{"ancestorTitles":["LealtadService (integración) - registrarPuntosCompra"],"fullName":"LealtadService (integración) - registrarPuntosCompra falla correctamente si Supabase devuelve error al insertar","status":"passed","title":"falla correctamente si Supabase devuelve error al insertar","duration":1.7104000000003907,"failureMessages":[],"meta":{},"tags":[]},{"ancestorTitles":["LealtadService (integración) - registrarPuntosCompra"],"fullName":"LealtadService (integración) - registrarPuntosCompra llama a supabase.from(\"puntos_cliente\") al registrar puntos","status":"passed","title":"llama a supabase.from(\"puntos_cliente\") al registrar puntos","duration":1.1156999999998334,"failureMessages":[],"meta":{},"tags":[]}],"startTime":1782101929591,"endTime":1782101929614.1157,"status":"passed","message":"","name":"D:/Universidad/MiniMarket2/MiniMarketWeb2-main/MiniMarketWeb2-main/MiniMarketWeb-final/test/integration/lealtadService.integration.test.js"},{"assertionResults":[{"ancestorTitles":["Promociones + Carrito - Pruebas de Integración"],"fullName":"Promociones + Carrito - Pruebas de Integración I-01: descuento porcentual se calcula sobre el total real del carrito","status":"passed","title":"I-01: descuento porcentual se calcula sobre el total real del carrito","duration":2.767199999999775,"failureMessages":[],"meta":{},"tags":[]},{"ancestorTitles":["Promociones + Carrito - Pruebas de Integración"],"fullName":"Promociones + Carrito - Pruebas de Integración I-02: descuento fijo se resta correctamente del total del carrito","status":"passed","title":"I-02: descuento fijo se resta correctamente del total del carrito","duration":0.5959000000002561,"failureMessages":[],"meta":{},"tags":[]},{"ancestorTitles":["Promociones + Carrito - Pruebas de Integración"],"fullName":"Promociones + Carrito - Pruebas de Integración I-03: promo 2x1 reduce correctamente el total cuando aplica","status":"passed","title":"I-03: promo 2x1 reduce correctamente el total cuando aplica","duration":0.5493999999998778,"failureMessages":[],"meta":{},"tags":[]},{"ancestorTitles":["Promociones + Carrito - Pruebas de Integración"],"fullName":"Promociones + Carrito - Pruebas de Integración I-04: promo 2x1 no aplica con cantidad impar sin par completo (1 unidad)","status":"passed","title":"I-04: promo 2x1 no aplica con cantidad impar sin par completo (1 unidad)","duration":0.6089999999999236,"failureMessages":[],"meta":{},"tags":[]},{"ancestorTitles":["Promociones + Carrito - Pruebas de Integración"],"fullName":"Promociones + Carrito - Pruebas de Integración I-05: combo completo aplica descuento correcto","status":"passed","title":"I-05: combo completo aplica descuento correcto","duration":0.5706000000000131,"failureMessages":[],"meta":{},"tags":[]},{"ancestorTitles":["Promociones + Carrito - Pruebas de Integración"],"fullName":"Promociones + Carrito - Pruebas de Integración I-06: el descuento calculado nunca supera el total del carrito","status":"passed","title":"I-06: el descuento calculado nunca supera el total del carrito","duration":0.3396000000002459,"failureMessages":[],"meta":{},"tags":[]},{"ancestorTitles":["Promociones + Carrito - Pruebas de Integración"],"fullName":"Promociones + Carrito - Pruebas de Integración I-07: obtenerPromocionesActivas consulta la tabla promocion_avanzada","status":"passed","title":"I-07: obtenerPromocionesActivas consulta la tabla promocion_avanzada","duration":2.6791000000002896,"failureMessages":[],"meta":{},"tags":[]},{"ancestorTitles":["Promociones + Carrito - Pruebas de Integración"],"fullName":"Promociones + Carrito - Pruebas de Integración I-08: crearPromocion invoca insert en Supabase","status":"passed","title":"I-08: crearPromocion invoca insert en Supabase","duration":1.1154999999998836,"failureMessages":[],"meta":{},"tags":[]},{"ancestorTitles":["Promociones + Carrito - Pruebas de Integración"],"fullName":"Promociones + Carrito - Pruebas de Integración I-09: cualquier promo sobre carrito vacío retorna descuento 0","status":"passed","title":"I-09: cualquier promo sobre carrito vacío retorna descuento 0","duration":1.1313000000000102,"failureMessages":[],"meta":{},"tags":[]},{"ancestorTitles":["Promociones + Carrito - Pruebas de Integración"],"fullName":"Promociones + Carrito - Pruebas de Integración I-10: combo incompleto no aplica descuento","status":"passed","title":"I-10: combo incompleto no aplica descuento","duration":0.4630000000001928,"failureMessages":[],"meta":{},"tags":[]},{"ancestorTitles":["Promociones + Carrito - Pruebas de Integración"],"fullName":"Promociones + Carrito - Pruebas de Integración I-11: generarCodigoCupon genera código válido de 8 caracteres alfanuméricos","status":"passed","title":"I-11: generarCodigoCupon genera código válido de 8 caracteres alfanuméricos","duration":0.5542000000000371,"failureMessages":[],"meta":{},"tags":[]},{"ancestorTitles":["Promociones + Carrito - Pruebas de Integración"],"fullName":"Promociones + Carrito - Pruebas de Integración I-12: total del carrito se actualiza al cambiar cantidad y refleja en descuento","status":"passed","title":"I-12: total del carrito se actualiza al cambiar cantidad y refleja en descuento","duration":0.3872000000001208,"failureMessages":[],"meta":{},"tags":[]},{"ancestorTitles":["Promociones + Carrito - Pruebas de Integración"],"fullName":"Promociones + Carrito - Pruebas de Integración I-13: diferentes promociones calculan descuentos independientes sobre el mismo carrito","status":"passed","title":"I-13: diferentes promociones calculan descuentos independientes sobre el mismo carrito","duration":0.30929999999989377,"failureMessages":[],"meta":{},"tags":[]},{"ancestorTitles":["Promociones + Carrito - Pruebas de Integración"],"fullName":"Promociones + Carrito - Pruebas de Integración I-14: agregarProductosPromocion usa el id_promocion correcto en el insert","status":"passed","title":"I-14: agregarProductosPromocion usa el id_promocion correcto en el insert","duration":2.526600000000144,"failureMessages":[],"meta":{},"tags":[]},{"ancestorTitles":["Promociones + Carrito - Pruebas de Integración"],"fullName":"Promociones + Carrito - Pruebas de Integración I-15: promo 2x1 con 3 unidades descuenta exactamente 1 precio unitario","status":"passed","title":"I-15: promo 2x1 con 3 unidades descuenta exactamente 1 precio unitario","duration":0.4728999999997541,"failureMessages":[],"meta":{},"tags":[]}],"startTime":1782101929622,"endTime":1782101929638.473,"status":"passed","message":"","name":"D:/Universidad/MiniMarket2/MiniMarketWeb2-main/MiniMarketWeb2-main/MiniMarketWeb-final/test/integration/promocionesCarrito.integration.test.js"},{"assertionResults":[{"ancestorTitles":["ProtectedRoute - sin autenticación"],"fullName":"ProtectedRoute - sin autenticación redirige a /login si no hay usuario","status":"passed","title":"redirige a /login si no hay usuario","duration":32.97809999999981,"failureMessages":[],"meta":{},"tags":[]},{"ancestorTitles":["ProtectedRoute - cargando"],"fullName":"ProtectedRoute - cargando muestra LoadingScreen mientras carga","status":"passed","title":"muestra LoadingScreen mientras carga","duration":6.021299999999883,"failureMessages":[],"meta":{},"tags":[]},{"ancestorTitles":["ProtectedRoute - usuario autenticado"],"fullName":"ProtectedRoute - usuario autenticado muestra el contenido si el rol coincide con requireCliente","status":"passed","title":"muestra el contenido si el rol coincide con requireCliente","duration":2.701000000000022,"failureMessages":[],"meta":{},"tags":[]},{"ancestorTitles":["ProtectedRoute - usuario autenticado"],"fullName":"ProtectedRoute - usuario autenticado redirige si requireCliente y el usuario es empleado","status":"passed","title":"redirige si requireCliente y el usuario es empleado","duration":3.5032999999998538,"failureMessages":[],"meta":{},"tags":[]},{"ancestorTitles":["ProtectedRoute - usuario autenticado"],"fullName":"ProtectedRoute - usuario autenticado muestra el contenido si requireEmpleado y el usuario es empleado","status":"passed","title":"muestra el contenido si requireEmpleado y el usuario es empleado","duration":2.3184000000001106,"failureMessages":[],"meta":{},"tags":[]},{"ancestorTitles":["ProtectedRoute - usuario autenticado"],"fullName":"ProtectedRoute - usuario autenticado muestra el contenido si requireEmpleado y el usuario es admin","status":"passed","title":"muestra el contenido si requireEmpleado y el usuario es admin","duration":1.768199999999979,"failureMessages":[],"meta":{},"tags":[]},{"ancestorTitles":["ProtectedRoute - usuario autenticado"],"fullName":"ProtectedRoute - usuario autenticado redirige si requireEmpleado y el usuario es cliente","status":"passed","title":"redirige si requireEmpleado y el usuario es cliente","duration":1.746900000000096,"failureMessages":[],"meta":{},"tags":[]},{"ancestorTitles":["ProtectedRoute - usuario autenticado"],"fullName":"ProtectedRoute - usuario autenticado muestra el contenido si requireRepartidor y el usuario es repartidor","status":"passed","title":"muestra el contenido si requireRepartidor y el usuario es repartidor","duration":1.6340000000000146,"failureMessages":[],"meta":{},"tags":[]},{"ancestorTitles":["ProtectedRoute - usuario autenticado"],"fullName":"ProtectedRoute - usuario autenticado redirige si requireRepartidor y el usuario es cliente","status":"passed","title":"redirige si requireRepartidor y el usuario es cliente","duration":2.152799999999843,"failureMessages":[],"meta":{},"tags":[]},{"ancestorTitles":["ProtectedRoute - usuario autenticado"],"fullName":"ProtectedRoute - usuario autenticado muestra el contenido sin restricciones si hay usuario autenticado","status":"passed","title":"muestra el contenido sin restricciones si hay usuario autenticado","duration":1.3587999999999738,"failureMessages":[],"meta":{},"tags":[]}],"startTime":1782101929909,"endTime":1782101929966.359,"status":"passed","message":"","name":"D:/Universidad/MiniMarket2/MiniMarketWeb2-main/MiniMarketWeb2-main/MiniMarketWeb-final/test/integration/ProtectedRoute.integration.test.jsx"},{"assertionResults":[{"ancestorTitles":["currencyFormatter - Pruebas Unitarias"],"fullName":"currencyFormatter - Pruebas Unitarias U-01: formatCurrency formatea monto positivo con símbolo Bs","status":"passed","title":"U-01: formatCurrency formatea monto positivo con símbolo Bs","duration":2.7923000000000684,"failureMessages":[],"meta":{},"tags":[]},{"ancestorTitles":["currencyFormatter - Pruebas Unitarias"],"fullName":"currencyFormatter - Pruebas Unitarias U-02: formatCurrency retorna solo el número cuando includeSymbol es false","status":"passed","title":"U-02: formatCurrency retorna solo el número cuando includeSymbol es false","duration":0.4119999999998072,"failureMessages":[],"meta":{},"tags":[]},{"ancestorTitles":["currencyFormatter - Pruebas Unitarias"],"fullName":"currencyFormatter - Pruebas Unitarias U-03: formatCurrency retorna Bs 0.00 cuando el monto es null","status":"passed","title":"U-03: formatCurrency retorna Bs 0.00 cuando el monto es null","duration":0.27719999999999345,"failureMessages":[],"meta":{},"tags":[]},{"ancestorTitles":["currencyFormatter - Pruebas Unitarias"],"fullName":"currencyFormatter - Pruebas Unitarias U-04: formatCurrency retorna Bs 0.00 cuando el monto es undefined","status":"passed","title":"U-04: formatCurrency retorna Bs 0.00 cuando el monto es undefined","duration":0.30520000000024083,"failureMessages":[],"meta":{},"tags":[]},{"ancestorTitles":["currencyFormatter - Pruebas Unitarias"],"fullName":"currencyFormatter - Pruebas Unitarias U-05: formatCurrency maneja decimales correctamente","status":"passed","title":"U-05: formatCurrency maneja decimales correctamente","duration":0.2705000000000837,"failureMessages":[],"meta":{},"tags":[]},{"ancestorTitles":["currencyFormatter - Pruebas Unitarias"],"fullName":"currencyFormatter - Pruebas Unitarias U-06: formatCurrency maneja monto cero","status":"passed","title":"U-06: formatCurrency maneja monto cero","duration":0.20620000000008076,"failureMessages":[],"meta":{},"tags":[]},{"ancestorTitles":["currencyFormatter - Pruebas Unitarias"],"fullName":"currencyFormatter - Pruebas Unitarias U-07: formatCurrencyNoDecimals redondea y elimina decimales","status":"passed","title":"U-07: formatCurrencyNoDecimals redondea y elimina decimales","duration":0.3852000000001681,"failureMessages":[],"meta":{},"tags":[]},{"ancestorTitles":["currencyFormatter - Pruebas Unitarias"],"fullName":"currencyFormatter - Pruebas Unitarias U-08: formatCurrencyNoDecimals retorna Bs 0 con null","status":"passed","title":"U-08: formatCurrencyNoDecimals retorna Bs 0 con null","duration":0.23540000000002692,"failureMessages":[],"meta":{},"tags":[]},{"ancestorTitles":["currencyFormatter - Pruebas Unitarias"],"fullName":"currencyFormatter - Pruebas Unitarias U-09: formatCurrencyValue retorna valor sin símbolo Bs","status":"passed","title":"U-09: formatCurrencyValue retorna valor sin símbolo Bs","duration":0.9292999999997846,"failureMessages":[],"meta":{},"tags":[]},{"ancestorTitles":["currencyFormatter - Pruebas Unitarias"],"fullName":"currencyFormatter - Pruebas Unitarias U-10: formatCurrency maneja montos negativos","status":"passed","title":"U-10: formatCurrency maneja montos negativos","duration":0.3562000000001717,"failureMessages":[],"meta":{},"tags":[]},{"ancestorTitles":["currencyFormatter - Pruebas Unitarias"],"fullName":"currencyFormatter - Pruebas Unitarias U-11: formatCurrency convierte string numérico correctamente","status":"passed","title":"U-11: formatCurrency convierte string numérico correctamente","duration":0.27890000000024884,"failureMessages":[],"meta":{},"tags":[]},{"ancestorTitles":["currencyFormatter - Pruebas Unitarias"],"fullName":"currencyFormatter - Pruebas Unitarias U-12: formatCurrency maneja montos grandes","status":"passed","title":"U-12: formatCurrency maneja montos grandes","duration":0.14849999999978536,"failureMessages":[],"meta":{},"tags":[]},{"ancestorTitles":["currencyFormatter - Pruebas Unitarias"],"fullName":"currencyFormatter - Pruebas Unitarias U-13: formatCurrencyNoDecimals redondea hacia abajo cuando decimal < 0.5","status":"passed","title":"U-13: formatCurrencyNoDecimals redondea hacia abajo cuando decimal < 0.5","duration":0.12490000000025248,"failureMessages":[],"meta":{},"tags":[]},{"ancestorTitles":["currencyFormatter - Pruebas Unitarias"],"fullName":"currencyFormatter - Pruebas Unitarias U-14: formatCurrencyNoDecimals retorna Bs 0 con undefined","status":"passed","title":"U-14: formatCurrencyNoDecimals retorna Bs 0 con undefined","duration":0.10800000000017462,"failureMessages":[],"meta":{},"tags":[]},{"ancestorTitles":["currencyFormatter - Pruebas Unitarias"],"fullName":"currencyFormatter - Pruebas Unitarias U-15: formatCurrency muestra exactamente dos decimales","status":"passed","title":"U-15: formatCurrency muestra exactamente dos decimales","duration":0.18149999999968713,"failureMessages":[],"meta":{},"tags":[]}],"startTime":1782101929576,"endTime":1782101929583.1814,"status":"passed","message":"","name":"D:/Universidad/MiniMarket2/MiniMarketWeb2-main/MiniMarketWeb2-main/MiniMarketWeb-final/test/unit/currencyFormatter.test.js"},{"assertionResults":[{"ancestorTitles":["geofencing - Pruebas Unitarias"],"fullName":"geofencing - Pruebas Unitarias U-16: calcularDistancia retorna 0 para el mismo punto","status":"passed","title":"U-16: calcularDistancia retorna 0 para el mismo punto","duration":5.759399999999914,"failureMessages":[],"meta":{},"tags":[]},{"ancestorTitles":["geofencing - Pruebas Unitarias"],"fullName":"geofencing - Pruebas Unitarias U-17: calcularDistancia calcula correctamente la distancia de Haversine","status":"passed","title":"U-17: calcularDistancia calcula correctamente la distancia de Haversine","duration":1.2044999999998254,"failureMessages":[],"meta":{},"tags":[]},{"ancestorTitles":["geofencing - Pruebas Unitarias"],"fullName":"geofencing - Pruebas Unitarias U-18: verificarGeofencing retorna true si no hay configuración guardada","status":"passed","title":"U-18: verificarGeofencing retorna true si no hay configuración guardada","duration":2.283400000000256,"failureMessages":[],"meta":{},"tags":[]},{"ancestorTitles":["geofencing - Pruebas Unitarias"],"fullName":"geofencing - Pruebas Unitarias U-19: verificarGeofencing retorna true si está dentro del radio permitido","status":"passed","title":"U-19: verificarGeofencing retorna true si está dentro del radio permitido","duration":0.9807000000000698,"failureMessages":[],"meta":{},"tags":[]},{"ancestorTitles":["geofencing - Pruebas Unitarias"],"fullName":"geofencing - Pruebas Unitarias U-20: verificarGeofencing lanza un error explicativo si está fuera del radio permitido","status":"passed","title":"U-20: verificarGeofencing lanza un error explicativo si está fuera del radio permitido","duration":2.134900000000016,"failureMessages":[],"meta":{},"tags":[]}],"startTime":1782101929566,"endTime":1782101929578.135,"status":"passed","message":"","name":"D:/Universidad/MiniMarket2/MiniMarketWeb2-main/MiniMarketWeb2-main/MiniMarketWeb-final/test/unit/geofencing.test.js"},{"assertionResults":[{"ancestorTitles":["LealtadService - Pruebas Unitarias (calcularPuntosCompra)"],"fullName":"LealtadService - Pruebas Unitarias (calcularPuntosCompra) U-01: calcularPuntosCompra retorna 50 puntos para 100 Bs","status":"passed","title":"U-01: calcularPuntosCompra retorna 50 puntos para 100 Bs","duration":2.846299999999701,"failureMessages":[],"meta":{},"tags":[]},{"ancestorTitles":["LealtadService - Pruebas Unitarias (calcularPuntosCompra)"],"fullName":"LealtadService - Pruebas Unitarias (calcularPuntosCompra) U-02: calcularPuntosCompra retorna 0 para compra de 0","status":"passed","title":"U-02: calcularPuntosCompra retorna 0 para compra de 0","duration":0.3988000000003922,"failureMessages":[],"meta":{},"tags":[]},{"ancestorTitles":["LealtadService - Pruebas Unitarias (calcularPuntosCompra)"],"fullName":"LealtadService - Pruebas Unitarias (calcularPuntosCompra) U-03: calcularPuntosCompra redondea correctamente con decimal >= 0.5","status":"passed","title":"U-03: calcularPuntosCompra redondea correctamente con decimal >= 0.5","duration":0.2506999999995969,"failureMessages":[],"meta":{},"tags":[]},{"ancestorTitles":["LealtadService - Pruebas Unitarias (calcularPuntosCompra)"],"fullName":"LealtadService - Pruebas Unitarias (calcularPuntosCompra) U-04: calcularPuntosCompra redondea correctamente con decimal < 0.5","status":"passed","title":"U-04: calcularPuntosCompra redondea correctamente con decimal < 0.5","duration":0.2659000000003289,"failureMessages":[],"meta":{},"tags":[]},{"ancestorTitles":["LealtadService - Pruebas Unitarias (calcularPuntosCompra)"],"fullName":"LealtadService - Pruebas Unitarias (calcularPuntosCompra) U-05: calcularPuntosCompra maneja montos grandes","status":"passed","title":"U-05: calcularPuntosCompra maneja montos grandes","duration":0.2664999999997235,"failureMessages":[],"meta":{},"tags":[]},{"ancestorTitles":["LealtadService - Pruebas Unitarias (calcularPuntosCompra)"],"fullName":"LealtadService - Pruebas Unitarias (calcularPuntosCompra) U-06: calcularPuntosCompra maneja montos con decimales","status":"passed","title":"U-06: calcularPuntosCompra maneja montos con decimales","duration":0.18260000000009313,"failureMessages":[],"meta":{},"tags":[]},{"ancestorTitles":["LealtadService - Pruebas Unitarias (calcularPuntosCompra)"],"fullName":"LealtadService - Pruebas Unitarias (calcularPuntosCompra) U-07: calcularPuntosCompra retorna 1 para monto de 2 Bs","status":"passed","title":"U-07: calcularPuntosCompra retorna 1 para monto de 2 Bs","duration":0.26809999999977663,"failureMessages":[],"meta":{},"tags":[]},{"ancestorTitles":["LealtadService - Pruebas Unitarias (calcularPuntosCompra)"],"fullName":"LealtadService - Pruebas Unitarias (calcularPuntosCompra) U-08: calcularPuntosCompra retorna 1 para monto de 1 Bs (redondeo)","status":"passed","title":"U-08: calcularPuntosCompra retorna 1 para monto de 1 Bs (redondeo)","duration":0.1730000000002292,"failureMessages":[],"meta":{},"tags":[]},{"ancestorTitles":["LealtadService - Pruebas Unitarias (calcularPuntosCompra)"],"fullName":"LealtadService - Pruebas Unitarias (calcularPuntosCompra) U-09: calcularPuntosCompra es determinístico","status":"passed","title":"U-09: calcularPuntosCompra es determinístico","duration":0.779700000000048,"failureMessages":[],"meta":{},"tags":[]},{"ancestorTitles":["LealtadService - Pruebas Unitarias (calcularPuntosCompra)"],"fullName":"LealtadService - Pruebas Unitarias (calcularPuntosCompra) U-10: calcularPuntosCompra mantiene relación lineal (doble monto = doble puntos)","status":"passed","title":"U-10: calcularPuntosCompra mantiene relación lineal (doble monto = doble puntos)","duration":0.34819999999990614,"failureMessages":[],"meta":{},"tags":[]},{"ancestorTitles":["LealtadService - Pruebas Unitarias (calcularPuntosCompra)"],"fullName":"LealtadService - Pruebas Unitarias (calcularPuntosCompra) U-11: calcularPuntosCompra siempre retorna un número entero","status":"passed","title":"U-11: calcularPuntosCompra siempre retorna un número entero","duration":0.31500000000005457,"failureMessages":[],"meta":{},"tags":[]},{"ancestorTitles":["LealtadService - Pruebas Unitarias (calcularPuntosCompra)"],"fullName":"LealtadService - Pruebas Unitarias (calcularPuntosCompra) U-12: calcularPuntosCompra con múltiplos de 2 retorna exactamente la mitad","status":"passed","title":"U-12: calcularPuntosCompra con múltiplos de 2 retorna exactamente la mitad","duration":0.2454000000002452,"failureMessages":[],"meta":{},"tags":[]},{"ancestorTitles":["LealtadService - Pruebas Unitarias (calcularPuntosCompra)"],"fullName":"LealtadService - Pruebas Unitarias (calcularPuntosCompra) U-13: calcularPuntosCompra retorna 25 para monto de 50 Bs","status":"passed","title":"U-13: calcularPuntosCompra retorna 25 para monto de 50 Bs","duration":0.1313000000000102,"failureMessages":[],"meta":{},"tags":[]},{"ancestorTitles":["LealtadService - Pruebas Unitarias (calcularPuntosCompra)"],"fullName":"LealtadService - Pruebas Unitarias (calcularPuntosCompra) U-14: calcularPuntosCompra es proporcional: 10 Bs = 5 puntos","status":"passed","title":"U-14: calcularPuntosCompra es proporcional: 10 Bs = 5 puntos","duration":0.1268000000000029,"failureMessages":[],"meta":{},"tags":[]},{"ancestorTitles":["LealtadService - Pruebas Unitarias (calcularPuntosCompra)"],"fullName":"LealtadService - Pruebas Unitarias (calcularPuntosCompra) U-15: calcularPuntosCompra redondea 1.5 a 2 puntos","status":"passed","title":"U-15: calcularPuntosCompra redondea 1.5 a 2 puntos","duration":0.11320000000023356,"failureMessages":[],"meta":{},"tags":[]}],"startTime":1782101929590,"endTime":1782101929597.1267,"status":"passed","message":"","name":"D:/Universidad/MiniMarket2/MiniMarketWeb2-main/MiniMarketWeb2-main/MiniMarketWeb-final/test/unit/lealtadService.test.js"},{"assertionResults":[{"ancestorTitles":["PromocionesService.calcularDescuento - Pruebas Unitarias"],"fullName":"PromocionesService.calcularDescuento - Pruebas Unitarias U-01: calcularDescuento aplica porcentaje sobre total del carrito","status":"passed","title":"U-01: calcularDescuento aplica porcentaje sobre total del carrito","duration":2.8224999999997635,"failureMessages":[],"meta":{},"tags":[]},{"ancestorTitles":["PromocionesService.calcularDescuento - Pruebas Unitarias"],"fullName":"PromocionesService.calcularDescuento - Pruebas Unitarias U-02: calcularDescuento aplica monto fijo de descuento","status":"passed","title":"U-02: calcularDescuento aplica monto fijo de descuento","duration":0.7134000000000924,"failureMessages":[],"meta":{},"tags":[]},{"ancestorTitles":["PromocionesService.calcularDescuento - Pruebas Unitarias"],"fullName":"PromocionesService.calcularDescuento - Pruebas Unitarias U-03: calcularDescuento 2x1 descuenta el precio de la mitad de las unidades","status":"passed","title":"U-03: calcularDescuento 2x1 descuenta el precio de la mitad de las unidades","duration":0.7145000000000437,"failureMessages":[],"meta":{},"tags":[]},{"ancestorTitles":["PromocionesService.calcularDescuento - Pruebas Unitarias"],"fullName":"PromocionesService.calcularDescuento - Pruebas Unitarias U-04: calcularDescuento 2x1 no aplica descuento con menos de 2 unidades","status":"passed","title":"U-04: calcularDescuento 2x1 no aplica descuento con menos de 2 unidades","duration":0.5741000000002714,"failureMessages":[],"meta":{},"tags":[]},{"ancestorTitles":["PromocionesService.calcularDescuento - Pruebas Unitarias"],"fullName":"PromocionesService.calcularDescuento - Pruebas Unitarias U-05: calcularDescuento combo aplica descuento cuando combo está completo","status":"passed","title":"U-05: calcularDescuento combo aplica descuento cuando combo está completo","duration":0.5916999999999462,"failureMessages":[],"meta":{},"tags":[]},{"ancestorTitles":["PromocionesService.calcularDescuento - Pruebas Unitarias"],"fullName":"PromocionesService.calcularDescuento - Pruebas Unitarias U-06: calcularDescuento combo no aplica si faltan productos","status":"passed","title":"U-06: calcularDescuento combo no aplica si faltan productos","duration":0.3872999999998683,"failureMessages":[],"meta":{},"tags":[]},{"ancestorTitles":["PromocionesService.calcularDescuento - Pruebas Unitarias"],"fullName":"PromocionesService.calcularDescuento - Pruebas Unitarias U-07: calcularDescuento retorna 0 si el descuento calculado es negativo","status":"passed","title":"U-07: calcularDescuento retorna 0 si el descuento calculado es negativo","duration":0.46980000000030486,"failureMessages":[],"meta":{},"tags":[]},{"ancestorTitles":["PromocionesService.calcularDescuento - Pruebas Unitarias"],"fullName":"PromocionesService.calcularDescuento - Pruebas Unitarias U-08: calcularDescuento retorna 0 para tipo desconocido","status":"passed","title":"U-08: calcularDescuento retorna 0 para tipo desconocido","duration":0.3781999999996515,"failureMessages":[],"meta":{},"tags":[]},{"ancestorTitles":["PromocionesService.calcularDescuento - Pruebas Unitarias"],"fullName":"PromocionesService.calcularDescuento - Pruebas Unitarias U-09: calcularDescuento retorna 0 con carrito vacío y descuento porcentual","status":"passed","title":"U-09: calcularDescuento retorna 0 con carrito vacío y descuento porcentual","duration":1.0973000000003594,"failureMessages":[],"meta":{},"tags":[]},{"ancestorTitles":["PromocionesService.calcularDescuento - Pruebas Unitarias"],"fullName":"PromocionesService.calcularDescuento - Pruebas Unitarias U-10: calcularDescuento 2x1 no aplica si el producto no está en el carrito","status":"passed","title":"U-10: calcularDescuento 2x1 no aplica si el producto no está en el carrito","duration":0.5078999999996086,"failureMessages":[],"meta":{},"tags":[]},{"ancestorTitles":["PromocionesService.calcularDescuento - Pruebas Unitarias"],"fullName":"PromocionesService.calcularDescuento - Pruebas Unitarias U-11: generarCodigoCupon genera código de exactamente 8 caracteres","status":"passed","title":"U-11: generarCodigoCupon genera código de exactamente 8 caracteres","duration":1.997899999999845,"failureMessages":[],"meta":{},"tags":[]},{"ancestorTitles":["PromocionesService.calcularDescuento - Pruebas Unitarias"],"fullName":"PromocionesService.calcularDescuento - Pruebas Unitarias U-12: generarCodigoCupon usa solo letras mayúsculas y números","status":"passed","title":"U-12: generarCodigoCupon usa solo letras mayúsculas y números","duration":0.457300000000032,"failureMessages":[],"meta":{},"tags":[]},{"ancestorTitles":["PromocionesService.calcularDescuento - Pruebas Unitarias"],"fullName":"PromocionesService.calcularDescuento - Pruebas Unitarias U-13: generarCodigoCupon genera códigos únicos en sucesivas llamadas","status":"passed","title":"U-13: generarCodigoCupon genera códigos únicos en sucesivas llamadas","duration":0.5090000000000146,"failureMessages":[],"meta":{},"tags":[]},{"ancestorTitles":["PromocionesService.calcularDescuento - Pruebas Unitarias"],"fullName":"PromocionesService.calcularDescuento - Pruebas Unitarias U-14: calcularDescuento con porcentaje 0 retorna 0","status":"passed","title":"U-14: calcularDescuento con porcentaje 0 retorna 0","duration":0.28530000000000655,"failureMessages":[],"meta":{},"tags":[]},{"ancestorTitles":["PromocionesService.calcularDescuento - Pruebas Unitarias"],"fullName":"PromocionesService.calcularDescuento - Pruebas Unitarias U-15: calcularDescuento con porcentaje 100 retorna el total del carrito","status":"passed","title":"U-15: calcularDescuento con porcentaje 100 retorna el total del carrito","duration":0.28860000000031505,"failureMessages":[],"meta":{},"tags":[]}],"startTime":1782101929606,"endTime":1782101929618.2886,"status":"passed","message":"","name":"D:/Universidad/MiniMarket2/MiniMarketWeb2-main/MiniMarketWeb2-main/MiniMarketWeb-final/test/unit/promocionesService.test.js"},{"assertionResults":[{"ancestorTitles":["reporteService - Pruebas Unitarias de Lógica de Negocio (Reportes)"],"fullName":"reporteService - Pruebas Unitarias de Lógica de Negocio (Reportes) R-01: obtenerDatosProductos calcula correctamente el estado Vencido o No de los productos","status":"passed","title":"R-01: obtenerDatosProductos calcula correctamente el estado Vencido o No de los productos","duration":5.915700000000015,"failureMessages":[],"meta":{},"tags":[]},{"ancestorTitles":["reporteService - Pruebas Unitarias de Lógica de Negocio (Reportes)"],"fullName":"reporteService - Pruebas Unitarias de Lógica de Negocio (Reportes) R-02: obtenerDatosVentasYRepartos filtra correctamente las ventas por la fecha del día actual","status":"passed","title":"R-02: obtenerDatosVentasYRepartos filtra correctamente las ventas por la fecha del día actual","duration":1.981499999999869,"failureMessages":[],"meta":{},"tags":[]}],"startTime":1782101929621,"endTime":1782101929628.9814,"status":"passed","message":"","name":"D:/Universidad/MiniMarket2/MiniMarketWeb2-main/MiniMarketWeb2-main/MiniMarketWeb-final/test/unit/reporteService.test.js"},{"assertionResults":[{"ancestorTitles":["useAuthStore - Pruebas Unitarias (roles y estado)"],"fullName":"useAuthStore - Pruebas Unitarias (roles y estado) U-01: estado inicial no tiene usuario ni perfil","status":"passed","title":"U-01: estado inicial no tiene usuario ni perfil","duration":4.77390000000014,"failureMessages":[],"meta":{},"tags":[]},{"ancestorTitles":["useAuthStore - Pruebas Unitarias (roles y estado)"],"fullName":"useAuthStore - Pruebas Unitarias (roles y estado) U-02: isEmpleado retorna false sin sesión activa","status":"passed","title":"U-02: isEmpleado retorna false sin sesión activa","duration":0.9785999999999149,"failureMessages":[],"meta":{},"tags":[]},{"ancestorTitles":["useAuthStore - Pruebas Unitarias (roles y estado)"],"fullName":"useAuthStore - Pruebas Unitarias (roles y estado) U-03: isCliente retorna false sin sesión activa","status":"passed","title":"U-03: isCliente retorna false sin sesión activa","duration":0.4770000000003165,"failureMessages":[],"meta":{},"tags":[]},{"ancestorTitles":["useAuthStore - Pruebas Unitarias (roles y estado)"],"fullName":"useAuthStore - Pruebas Unitarias (roles y estado) U-04: isAdmin retorna false sin sesión activa","status":"passed","title":"U-04: isAdmin retorna false sin sesión activa","duration":0.7491999999997461,"failureMessages":[],"meta":{},"tags":[]},{"ancestorTitles":["useAuthStore - Pruebas Unitarias (roles y estado)"],"fullName":"useAuthStore - Pruebas Unitarias (roles y estado) U-05: isRepartidor retorna false sin sesión activa","status":"passed","title":"U-05: isRepartidor retorna false sin sesión activa","duration":0.5676999999996042,"failureMessages":[],"meta":{},"tags":[]},{"ancestorTitles":["useAuthStore - Pruebas Unitarias (roles y estado)"],"fullName":"useAuthStore - Pruebas Unitarias (roles y estado) U-06: isCliente retorna true cuando el perfil es cliente","status":"passed","title":"U-06: isCliente retorna true cuando el perfil es cliente","duration":0.38229999999975917,"failureMessages":[],"meta":{},"tags":[]},{"ancestorTitles":["useAuthStore - Pruebas Unitarias (roles y estado)"],"fullName":"useAuthStore - Pruebas Unitarias (roles y estado) U-07: isEmpleado retorna true cuando el perfil es empleado","status":"passed","title":"U-07: isEmpleado retorna true cuando el perfil es empleado","duration":0.530699999999797,"failureMessages":[],"meta":{},"tags":[]},{"ancestorTitles":["useAuthStore - Pruebas Unitarias (roles y estado)"],"fullName":"useAuthStore - Pruebas Unitarias (roles y estado) U-08: isAdmin retorna true cuando el perfil es admin","status":"passed","title":"U-08: isAdmin retorna true cuando el perfil es admin","duration":0.7611000000001695,"failureMessages":[],"meta":{},"tags":[]},{"ancestorTitles":["useAuthStore - Pruebas Unitarias (roles y estado)"],"fullName":"useAuthStore - Pruebas Unitarias (roles y estado) U-09: isEmpleado retorna true para perfil admin","status":"passed","title":"U-09: isEmpleado retorna true para perfil admin","duration":0.9861000000000786,"failureMessages":[],"meta":{},"tags":[]},{"ancestorTitles":["useAuthStore - Pruebas Unitarias (roles y estado)"],"fullName":"useAuthStore - Pruebas Unitarias (roles y estado) U-10: isRepartidor retorna true cuando el perfil es repartidor","status":"passed","title":"U-10: isRepartidor retorna true cuando el perfil es repartidor","duration":0.6237999999998465,"failureMessages":[],"meta":{},"tags":[]},{"ancestorTitles":["useAuthStore - Pruebas Unitarias (roles y estado)"],"fullName":"useAuthStore - Pruebas Unitarias (roles y estado) U-11: signOut limpia el estado de usuario y perfil","status":"passed","title":"U-11: signOut limpia el estado de usuario y perfil","duration":0.8166000000001077,"failureMessages":[],"meta":{},"tags":[]},{"ancestorTitles":["useAuthStore - Pruebas Unitarias (roles y estado)"],"fullName":"useAuthStore - Pruebas Unitarias (roles y estado) U-12: loading inicia en false","status":"passed","title":"U-12: loading inicia en false","duration":0.27860000000009677,"failureMessages":[],"meta":{},"tags":[]},{"ancestorTitles":["useAuthStore - Pruebas Unitarias (roles y estado)"],"fullName":"useAuthStore - Pruebas Unitarias (roles y estado) U-13: isCliente retorna false para perfil empleado","status":"passed","title":"U-13: isCliente retorna false para perfil empleado","duration":0.25270000000000437,"failureMessages":[],"meta":{},"tags":[]},{"ancestorTitles":["useAuthStore - Pruebas Unitarias (roles y estado)"],"fullName":"useAuthStore - Pruebas Unitarias (roles y estado) U-14: isAdmin retorna false para perfil cliente","status":"passed","title":"U-14: isAdmin retorna false para perfil cliente","duration":0.24250000000029104,"failureMessages":[],"meta":{},"tags":[]},{"ancestorTitles":["useAuthStore - Pruebas Unitarias (roles y estado)"],"fullName":"useAuthStore - Pruebas Unitarias (roles y estado) U-15: isRepartidor retorna false para perfil cliente","status":"passed","title":"U-15: isRepartidor retorna false para perfil cliente","duration":0.2260999999998603,"failureMessages":[],"meta":{},"tags":[]}],"startTime":1782101929591,"endTime":1782101929604.2527,"status":"passed","message":"","name":"D:/Universidad/MiniMarket2/MiniMarketWeb2-main/MiniMarketWeb2-main/MiniMarketWeb-final/test/unit/useAuthStore.test.js"},{"assertionResults":[{"ancestorTitles":["useCartStore - Pruebas Unitarias"],"fullName":"useCartStore - Pruebas Unitarias U-01: addItem agrega un producto nuevo correctamente","status":"passed","title":"U-01: addItem agrega un producto nuevo correctamente","duration":6.782600000000002,"failureMessages":[],"meta":{},"tags":[]},{"ancestorTitles":["useCartStore - Pruebas Unitarias"],"fullName":"useCartStore - Pruebas Unitarias U-02: addItem incrementa la cantidad si el producto ya existe","status":"passed","title":"U-02: addItem incrementa la cantidad si el producto ya existe","duration":1.2013999999999214,"failureMessages":[],"meta":{},"tags":[]},{"ancestorTitles":["useCartStore - Pruebas Unitarias"],"fullName":"useCartStore - Pruebas Unitarias U-03: addItem agrega con cantidad personalizada","status":"passed","title":"U-03: addItem agrega con cantidad personalizada","duration":0.5359000000003107,"failureMessages":[],"meta":{},"tags":[]},{"ancestorTitles":["useCartStore - Pruebas Unitarias"],"fullName":"useCartStore - Pruebas Unitarias U-04: removeItem elimina el producto del carrito","status":"passed","title":"U-04: removeItem elimina el producto del carrito","duration":0.9657999999999447,"failureMessages":[],"meta":{},"tags":[]},{"ancestorTitles":["useCartStore - Pruebas Unitarias"],"fullName":"useCartStore - Pruebas Unitarias U-05: clearCart vacía el carrito completamente","status":"passed","title":"U-05: clearCart vacía el carrito completamente","duration":0.6375000000002728,"failureMessages":[],"meta":{},"tags":[]},{"ancestorTitles":["useCartStore - Pruebas Unitarias"],"fullName":"useCartStore - Pruebas Unitarias U-06: updateQuantity actualiza la cantidad del producto","status":"passed","title":"U-06: updateQuantity actualiza la cantidad del producto","duration":0.5457999999998719,"failureMessages":[],"meta":{},"tags":[]},{"ancestorTitles":["useCartStore - Pruebas Unitarias"],"fullName":"useCartStore - Pruebas Unitarias U-07: updateQuantity con 0 elimina el producto","status":"passed","title":"U-07: updateQuantity con 0 elimina el producto","duration":0.7056999999999789,"failureMessages":[],"meta":{},"tags":[]},{"ancestorTitles":["useCartStore - Pruebas Unitarias"],"fullName":"useCartStore - Pruebas Unitarias U-08: getTotal suma los precios por cantidad","status":"passed","title":"U-08: getTotal suma los precios por cantidad","duration":0.43209999999999127,"failureMessages":[],"meta":{},"tags":[]},{"ancestorTitles":["useCartStore - Pruebas Unitarias"],"fullName":"useCartStore - Pruebas Unitarias U-09: getTotal usa precio_con_descuento si está disponible","status":"passed","title":"U-09: getTotal usa precio_con_descuento si está disponible","duration":0.7654999999999745,"failureMessages":[],"meta":{},"tags":[]},{"ancestorTitles":["useCartStore - Pruebas Unitarias"],"fullName":"useCartStore - Pruebas Unitarias U-10: getTotal retorna 0 con carrito vacío","status":"passed","title":"U-10: getTotal retorna 0 con carrito vacío","duration":0.35550000000012005,"failureMessages":[],"meta":{},"tags":[]},{"ancestorTitles":["useCartStore - Pruebas Unitarias"],"fullName":"useCartStore - Pruebas Unitarias U-11: getItemCount retorna la suma de cantidades","status":"passed","title":"U-11: getItemCount retorna la suma de cantidades","duration":0.4157999999997628,"failureMessages":[],"meta":{},"tags":[]},{"ancestorTitles":["useCartStore - Pruebas Unitarias"],"fullName":"useCartStore - Pruebas Unitarias U-12: getItemCount retorna 0 con carrito vacío","status":"passed","title":"U-12: getItemCount retorna 0 con carrito vacío","duration":0.18099999999958527,"failureMessages":[],"meta":{},"tags":[]},{"ancestorTitles":["useCartStore - Pruebas Unitarias"],"fullName":"useCartStore - Pruebas Unitarias U-13: addItem mantiene productos distintos separados","status":"passed","title":"U-13: addItem mantiene productos distintos separados","duration":0.2845999999999549,"failureMessages":[],"meta":{},"tags":[]},{"ancestorTitles":["useCartStore - Pruebas Unitarias"],"fullName":"useCartStore - Pruebas Unitarias U-14: removeItem solo elimina el producto especificado","status":"passed","title":"U-14: removeItem solo elimina el producto especificado","duration":0.406800000000203,"failureMessages":[],"meta":{},"tags":[]},{"ancestorTitles":["useCartStore - Pruebas Unitarias"],"fullName":"useCartStore - Pruebas Unitarias U-15: updateQuantity con cantidad negativa elimina el producto","status":"passed","title":"U-15: updateQuantity con cantidad negativa elimina el producto","duration":0.26569999999992433,"failureMessages":[],"meta":{},"tags":[]}],"startTime":1782101929619,"endTime":1782101929634.4067,"status":"passed","message":"","name":"D:/Universidad/MiniMarket2/MiniMarketWeb2-main/MiniMarketWeb2-main/MiniMarketWeb-final/test/unit/useCartStore.test.js"}]}