{"numTotalTestSuites":46,"numPassedTestSuites":46,"numFailedTestSuites":0,"numPendingTestSuites":0,"numTotalTests":129,"numPassedTests":129,"numFailedTests":0,"numPendingTests":0,"numTodoTests":0,"snapshot":{"added":0,"failure":false,"filesAdded":0,"filesRemoved":0,"filesRemovedList":[],"filesUnmatched":0,"filesUpdated":0,"matched":0,"total":0,"unchecked":0,"uncheckedKeysByFile":[],"unmatched":0,"updated":0,"didUpdate":false},"startTime":1781180998083,"success":true,"testResults":[{"assertionResults":[{"ancestorTitles":["[CARGA] Comportamiento bajo carga normal esperada"],"fullName":"[CARGA] Comportamiento bajo carga normal esperada CARGA: 50 cálculos de puntos simultáneos completan sin error","status":"passed","title":"CARGA: 50 cálculos de puntos simultáneos completan sin error","duration":6.029400000000351,"failureMessages":[],"meta":{},"tags":[]},{"ancestorTitles":["[CARGA] Comportamiento bajo carga normal esperada"],"fullName":"[CARGA] Comportamiento bajo carga normal esperada CARGA: 100 formateos de moneda no producen errores","status":"passed","title":"CARGA: 100 formateos de moneda no producen errores","duration":6.192599999999857,"failureMessages":[],"meta":{},"tags":[]},{"ancestorTitles":["[CARGA] Comportamiento bajo carga normal esperada"],"fullName":"[CARGA] Comportamiento bajo carga normal esperada CARGA: 20 llamadas async a obtenerProgramaLealtad con respuestas distintas","status":"passed","title":"CARGA: 20 llamadas async a obtenerProgramaLealtad con respuestas distintas","duration":1.6907999999998538,"failureMessages":[],"meta":{},"tags":[]},{"ancestorTitles":["[CARGA] Comportamiento bajo carga normal esperada"],"fullName":"[CARGA] Comportamiento bajo carga normal esperada CARGA: tiempo de formateo de 1000 items < 500ms","status":"passed","title":"CARGA: tiempo de formateo de 1000 items < 500ms","duration":0.9918999999999869,"failureMessages":[],"meta":{},"tags":[]},{"ancestorTitles":["[VOLUMEN] Comportamiento con grandes volúmenes de datos"],"fullName":"[VOLUMEN] Comportamiento con grandes volúmenes de datos VOLUMEN: carrito con 500 productos distintos calcula total correctamente","status":"passed","title":"VOLUMEN: carrito con 500 productos distintos calcula total correctamente","duration":0.522099999999682,"failureMessages":[],"meta":{},"tags":[]},{"ancestorTitles":["[VOLUMEN] Comportamiento con grandes volúmenes de datos"],"fullName":"[VOLUMEN] Comportamiento con grandes volúmenes de datos VOLUMEN: 10000 cálculos de puntos en < 1 segundo","status":"passed","title":"VOLUMEN: 10000 cálculos de puntos en < 1 segundo","duration":1.5697000000000116,"failureMessages":[],"meta":{},"tags":[]},{"ancestorTitles":["[VOLUMEN] Comportamiento con grandes volúmenes de datos"],"fullName":"[VOLUMEN] Comportamiento con grandes volúmenes de datos VOLUMEN: lista de 1000 productos se puede mapear y formatear","status":"passed","title":"VOLUMEN: lista de 1000 productos se puede mapear y formatear","duration":1.524199999999837,"failureMessages":[],"meta":{},"tags":[]},{"ancestorTitles":["[VOLUMEN] Comportamiento con grandes volúmenes de datos"],"fullName":"[VOLUMEN] Comportamiento con grandes volúmenes de datos VOLUMEN: acumulación de puntos de 5000 compras no sufre overflow","status":"passed","title":"VOLUMEN: acumulación de puntos de 5000 compras no sufre overflow","duration":0.7078000000001339,"failureMessages":[],"meta":{},"tags":[]},{"ancestorTitles":["[VOLUMEN] Comportamiento con grandes volúmenes de datos"],"fullName":"[VOLUMEN] Comportamiento con grandes volúmenes de datos VOLUMEN: historial de 200 transacciones se procesa sin error","status":"passed","title":"VOLUMEN: historial de 200 transacciones se procesa sin error","duration":1.4902000000001863,"failureMessages":[],"meta":{},"tags":[]},{"ancestorTitles":["[RECUPERACIÓN] El sistema se recupera de fallos"],"fullName":"[RECUPERACIÓN] El sistema se recupera de fallos RECUPERACIÓN: fallo en DB seguido de éxito funciona correctamente","status":"passed","title":"RECUPERACIÓN: fallo en DB seguido de éxito funciona correctamente","duration":3.176600000000235,"failureMessages":[],"meta":{},"tags":[]},{"ancestorTitles":["[RECUPERACIÓN] El sistema se recupera de fallos"],"fullName":"[RECUPERACIÓN] El sistema se recupera de fallos RECUPERACIÓN: 3 fallos seguidos de 2 éxitos — sistema se estabiliza","status":"passed","title":"RECUPERACIÓN: 3 fallos seguidos de 2 éxitos — sistema se estabiliza","duration":1.3989999999998872,"failureMessages":[],"meta":{},"tags":[]},{"ancestorTitles":["[RECUPERACIÓN] El sistema se recupera de fallos"],"fullName":"[RECUPERACIÓN] El sistema se recupera de fallos RECUPERACIÓN: carrito no pierde datos tras un error de formateo","status":"passed","title":"RECUPERACIÓN: carrito no pierde datos tras un error de formateo","duration":0.913300000000163,"failureMessages":[],"meta":{},"tags":[]},{"ancestorTitles":["[RECUPERACIÓN] El sistema se recupera de fallos"],"fullName":"[RECUPERACIÓN] El sistema se recupera de fallos RECUPERACIÓN: Promise.allSettled permite continuar aunque una falle","status":"passed","title":"RECUPERACIÓN: Promise.allSettled permite continuar aunque una falle","duration":1.5211999999996806,"failureMessages":[],"meta":{},"tags":[]},{"ancestorTitles":["[ESTRÉS Y RENDIMIENTO] Comportamiento bajo condiciones extremas"],"fullName":"[ESTRÉS Y RENDIMIENTO] Comportamiento bajo condiciones extremas ESTRÉS: calcularPuntosCompra ejecuta 100000 veces en < 2 segundos","status":"passed","title":"ESTRÉS: calcularPuntosCompra ejecuta 100000 veces en < 2 segundos","duration":4.035399999999754,"failureMessages":[],"meta":{},"tags":[]},{"ancestorTitles":["[ESTRÉS Y RENDIMIENTO] Comportamiento bajo condiciones extremas"],"fullName":"[ESTRÉS Y RENDIMIENTO] Comportamiento bajo condiciones extremas ESTRÉS: formatCurrency ejecuta 50000 veces en < 2 segundos","status":"passed","title":"ESTRÉS: formatCurrency ejecuta 50000 veces en < 2 segundos","duration":15.670500000000175,"failureMessages":[],"meta":{},"tags":[]},{"ancestorTitles":["[ESTRÉS Y RENDIMIENTO] Comportamiento bajo condiciones extremas"],"fullName":"[ESTRÉS Y RENDIMIENTO] Comportamiento bajo condiciones extremas RENDIMIENTO: una sola llamada a calcularPuntosCompra < 1ms","status":"passed","title":"RENDIMIENTO: una sola llamada a calcularPuntosCompra < 1ms","duration":0.2853999999997541,"failureMessages":[],"meta":{},"tags":[]},{"ancestorTitles":["[ESTRÉS Y RENDIMIENTO] Comportamiento bajo condiciones extremas"],"fullName":"[ESTRÉS Y RENDIMIENTO] Comportamiento bajo condiciones extremas RENDIMIENTO: una sola llamada a formatCurrency < 1ms","status":"passed","title":"RENDIMIENTO: una sola llamada a formatCurrency < 1ms","duration":0.15970000000015716,"failureMessages":[],"meta":{},"tags":[]},{"ancestorTitles":["[ESTRÉS Y RENDIMIENTO] Comportamiento bajo condiciones extremas"],"fullName":"[ESTRÉS Y RENDIMIENTO] Comportamiento bajo condiciones extremas ESTRÉS: cálculo de total de carrito con 10000 items en < 100ms","status":"passed","title":"ESTRÉS: cálculo de total de carrito con 10000 items en < 100ms","duration":3.8970000000003893,"failureMessages":[],"meta":{},"tags":[]},{"ancestorTitles":["[ESTRÉS Y RENDIMIENTO] Comportamiento bajo condiciones extremas"],"fullName":"[ESTRÉS Y RENDIMIENTO] Comportamiento bajo condiciones extremas ESTRÉS: 200 promesas async en paralelo no causan unhandledRejection","status":"passed","title":"ESTRÉS: 200 promesas async en paralelo no causan unhandledRejection","duration":1.837500000000091,"failureMessages":[],"meta":{},"tags":[]},{"ancestorTitles":["[ESTRÉS Y RENDIMIENTO] Comportamiento bajo condiciones extremas"],"fullName":"[ESTRÉS Y RENDIMIENTO] Comportamiento bajo condiciones extremas ESTRÉS: memoria — 1000 objetos de carrito no causan uso excesivo de memoria","status":"passed","title":"ESTRÉS: memoria — 1000 objetos de carrito no causan uso excesivo de memoria","duration":12.380599999999959,"failureMessages":[],"meta":{},"tags":[]}],"startTime":1781181000799,"endTime":1781181000866.3806,"status":"passed","message":"","name":"C:/Users/NITRO V 15/Downloads/Proyecto_MInimarket-proyectoPruebas/Proyecto_MInimarket-proyectoPruebas/MiniMarketWeb-final/test/performance/pruebas_carga_volumen_recuperacion_estres.test.js"},{"assertionResults":[{"ancestorTitles":["[HUMO] Módulo de Autenticación"],"fullName":"[HUMO] Módulo de Autenticación SMOKE: consulta a tabla usuario retorna datos","status":"passed","title":"SMOKE: consulta a tabla usuario retorna datos","duration":4.843699999999899,"failureMessages":[],"meta":{},"tags":[]},{"ancestorTitles":["[HUMO] Módulo de Autenticación"],"fullName":"[HUMO] Módulo de Autenticación SMOKE: login incorrecto retorna error","status":"passed","title":"SMOKE: login incorrecto retorna error","duration":0.9151000000001659,"failureMessages":[],"meta":{},"tags":[]},{"ancestorTitles":["[HUMO] Módulo de Catálogo de Productos"],"fullName":"[HUMO] Módulo de Catálogo de Productos SMOKE: carga lista de productos correctamente","status":"passed","title":"SMOKE: carga lista de productos correctamente","duration":1.5710999999996602,"failureMessages":[],"meta":{},"tags":[]},{"ancestorTitles":["[HUMO] Módulo de Catálogo de Productos"],"fullName":"[HUMO] Módulo de Catálogo de Productos SMOKE: buscar producto por ID retorna un producto","status":"passed","title":"SMOKE: buscar producto por ID retorna un producto","duration":0.6837000000000444,"failureMessages":[],"meta":{},"tags":[]},{"ancestorTitles":["[HUMO] Módulo de Catálogo de Productos"],"fullName":"[HUMO] Módulo de Catálogo de Productos SMOKE: precio de producto se formatea correctamente","status":"passed","title":"SMOKE: precio de producto se formatea correctamente","duration":0.40459999999984575,"failureMessages":[],"meta":{},"tags":[]},{"ancestorTitles":["[HUMO] Módulo de Carrito de Compras"],"fullName":"[HUMO] Módulo de Carrito de Compras SMOKE: cálculo de total del carrito funciona","status":"passed","title":"SMOKE: cálculo de total del carrito funciona","duration":0.33570000000008804,"failureMessages":[],"meta":{},"tags":[]},{"ancestorTitles":["[HUMO] Módulo de Carrito de Compras"],"fullName":"[HUMO] Módulo de Carrito de Compras SMOKE: total formateado del carrito","status":"passed","title":"SMOKE: total formateado del carrito","duration":0.3910000000000764,"failureMessages":[],"meta":{},"tags":[]},{"ancestorTitles":["[HUMO] Módulo de Carrito de Compras"],"fullName":"[HUMO] Módulo de Carrito de Compras SMOKE: carrito vacío tiene total cero","status":"passed","title":"SMOKE: carrito vacío tiene total cero","duration":0.2377000000001317,"failureMessages":[],"meta":{},"tags":[]},{"ancestorTitles":["[HUMO] Módulo de Lealtad"],"fullName":"[HUMO] Módulo de Lealtad SMOKE: obtener programa de lealtad","status":"passed","title":"SMOKE: obtener programa de lealtad","duration":0.9596999999998843,"failureMessages":[],"meta":{},"tags":[]},{"ancestorTitles":["[HUMO] Módulo de Lealtad"],"fullName":"[HUMO] Módulo de Lealtad SMOKE: calcular puntos por compra","status":"passed","title":"SMOKE: calcular puntos por compra","duration":0.38220000000001164,"failureMessages":[],"meta":{},"tags":[]},{"ancestorTitles":["[HUMO] Módulo de Lealtad"],"fullName":"[HUMO] Módulo de Lealtad SMOKE: obtener niveles de cliente","status":"passed","title":"SMOKE: obtener niveles de cliente","duration":0.5280999999999949,"failureMessages":[],"meta":{},"tags":[]},{"ancestorTitles":["[HUMO] Módulo de Devoluciones"],"fullName":"[HUMO] Módulo de Devoluciones SMOKE: obtener políticas de devolución","status":"passed","title":"SMOKE: obtener políticas de devolución","duration":0.38580000000001746,"failureMessages":[],"meta":{},"tags":[]},{"ancestorTitles":["[HUMO] Módulo de Nómina"],"fullName":"[HUMO] Módulo de Nómina SMOKE: obtener configuración de nómina","status":"passed","title":"SMOKE: obtener configuración de nómina","duration":0.3285999999998239,"failureMessages":[],"meta":{},"tags":[]},{"ancestorTitles":["[HUMO] Módulo de Nómina"],"fullName":"[HUMO] Módulo de Nómina SMOKE: obtener períodos de nómina","status":"passed","title":"SMOKE: obtener períodos de nómina","duration":0.29049999999961074,"failureMessages":[],"meta":{},"tags":[]},{"ancestorTitles":["[HUMO] Módulo de Turnos"],"fullName":"[HUMO] Módulo de Turnos SMOKE: obtener tipos de turnos","status":"passed","title":"SMOKE: obtener tipos de turnos","duration":0.41679999999996653,"failureMessages":[],"meta":{},"tags":[]}],"startTime":1781181000854,"endTime":1781181000867.4167,"status":"passed","message":"","name":"C:/Users/NITRO V 15/Downloads/Proyecto_MInimarket-proyectoPruebas/Proyecto_MInimarket-proyectoPruebas/MiniMarketWeb-final/test/system/pruebas_humo.test.js"},{"assertionResults":[{"ancestorTitles":["[REGRESIÓN REG-001] formatCurrency con valores nulos"],"fullName":"[REGRESIÓN REG-001] formatCurrency con valores nulos formatCurrency(null) retorna \"Bs 0.00\" sin lanzar error","status":"passed","title":"formatCurrency(null) retorna \"Bs 0.00\" sin lanzar error","duration":3.9048000000002503,"failureMessages":[],"meta":{},"tags":[]},{"ancestorTitles":["[REGRESIÓN REG-001] formatCurrency con valores nulos"],"fullName":"[REGRESIÓN REG-001] formatCurrency con valores nulos formatCurrency(undefined) retorna \"Bs 0.00\" sin lanzar error","status":"passed","title":"formatCurrency(undefined) retorna \"Bs 0.00\" sin lanzar error","duration":0.5529999999998836,"failureMessages":[],"meta":{},"tags":[]},{"ancestorTitles":["[REGRESIÓN REG-001] formatCurrency con valores nulos"],"fullName":"[REGRESIÓN REG-001] formatCurrency con valores nulos formatCurrencyNoDecimals(null) retorna \"Bs 0\" sin lanzar error","status":"passed","title":"formatCurrencyNoDecimals(null) retorna \"Bs 0\" sin lanzar error","duration":0.47590000000036525,"failureMessages":[],"meta":{},"tags":[]},{"ancestorTitles":["[REGRESIÓN REG-002] Puntos de compra siempre son enteros"],"fullName":"[REGRESIÓN REG-002] Puntos de compra siempre son enteros calcularPuntosCompra(101) no devuelve 50.5 sino 51","status":"passed","title":"calcularPuntosCompra(101) no devuelve 50.5 sino 51","duration":0.30199999999967986,"failureMessages":[],"meta":{},"tags":[]},{"ancestorTitles":["[REGRESIÓN REG-002] Puntos de compra siempre son enteros"],"fullName":"[REGRESIÓN REG-002] Puntos de compra siempre son enteros calcularPuntosCompra(0.99) retorna entero","status":"passed","title":"calcularPuntosCompra(0.99) retorna entero","duration":0.3065000000001419,"failureMessages":[],"meta":{},"tags":[]},{"ancestorTitles":["[REGRESIÓN REG-002] Puntos de compra siempre son enteros"],"fullName":"[REGRESIÓN REG-002] Puntos de compra siempre son enteros calcularPuntosCompra(33.33) retorna entero","status":"passed","title":"calcularPuntosCompra(33.33) retorna entero","duration":0.20069999999986976,"failureMessages":[],"meta":{},"tags":[]},{"ancestorTitles":["[REGRESIÓN REG-003] Carrito no duplica productos"],"fullName":"[REGRESIÓN REG-003] Carrito no duplica productos agregar el mismo producto dos veces actualiza cantidad, no duplica","status":"passed","title":"agregar el mismo producto dos veces actualiza cantidad, no duplica","duration":1.6077000000000226,"failureMessages":[],"meta":{},"tags":[]},{"ancestorTitles":["[REGRESIÓN REG-003] Carrito no duplica productos"],"fullName":"[REGRESIÓN REG-003] Carrito no duplica productos agregar dos productos diferentes sí crea dos entradas","status":"passed","title":"agregar dos productos diferentes sí crea dos entradas","duration":0.5018000000000029,"failureMessages":[],"meta":{},"tags":[]},{"ancestorTitles":["[REGRESIÓN REG-004] Rol de usuario siempre en minúsculas"],"fullName":"[REGRESIÓN REG-004] Rol de usuario siempre en minúsculas rol \"ADMINISTRADOR\" se normaliza a \"administrador\"","status":"passed","title":"rol \"ADMINISTRADOR\" se normaliza a \"administrador\"","duration":1.0140999999998712,"failureMessages":[],"meta":{},"tags":[]},{"ancestorTitles":["[REGRESIÓN REG-004] Rol de usuario siempre en minúsculas"],"fullName":"[REGRESIÓN REG-004] Rol de usuario siempre en minúsculas rol \"Cliente\" se normaliza a \"cliente\"","status":"passed","title":"rol \"Cliente\" se normaliza a \"cliente\"","duration":0.4475999999999658,"failureMessages":[],"meta":{},"tags":[]},{"ancestorTitles":["[REGRESIÓN REG-004] Rol de usuario siempre en minúsculas"],"fullName":"[REGRESIÓN REG-004] Rol de usuario siempre en minúsculas rol ya en minúsculas no cambia","status":"passed","title":"rol ya en minúsculas no cambia","duration":0.39509999999972933,"failureMessages":[],"meta":{},"tags":[]},{"ancestorTitles":["[REGRESIÓN REG-005] Devoluciones no muestran productos ya devueltos"],"fullName":"[REGRESIÓN REG-005] Devoluciones no muestran productos ya devueltos producto con todas las unidades devueltas no aparece en elegibles","status":"passed","title":"producto con todas las unidades devueltas no aparece en elegibles","duration":0.2667999999998756,"failureMessages":[],"meta":{},"tags":[]},{"ancestorTitles":["[REGRESIÓN REG-005] Devoluciones no muestran productos ya devueltos"],"fullName":"[REGRESIÓN REG-005] Devoluciones no muestran productos ya devueltos producto con devolución parcial sí aparece en elegibles","status":"passed","title":"producto con devolución parcial sí aparece en elegibles","duration":0.20719999999982974,"failureMessages":[],"meta":{},"tags":[]},{"ancestorTitles":["[REGRESIÓN REG-005] Devoluciones no muestran productos ya devueltos"],"fullName":"[REGRESIÓN REG-005] Devoluciones no muestran productos ya devueltos devolución pendiente NO descuenta cantidad disponible","status":"passed","title":"devolución pendiente NO descuenta cantidad disponible","duration":0.1615999999999076,"failureMessages":[],"meta":{},"tags":[]},{"ancestorTitles":["[REGRESIÓN REG-006] PGRST116 no lanza error en obtenerProgramaLealtad"],"fullName":"[REGRESIÓN REG-006] PGRST116 no lanza error en obtenerProgramaLealtad error PGRST116 retorna null (sin programa activo)","status":"passed","title":"error PGRST116 retorna null (sin programa activo)","duration":1.192199999999957,"failureMessages":[],"meta":{},"tags":[]},{"ancestorTitles":["[REGRESIÓN REG-006] PGRST116 no lanza error en obtenerProgramaLealtad"],"fullName":"[REGRESIÓN REG-006] PGRST116 no lanza error en obtenerProgramaLealtad error distinto de PGRST116 sí se propaga","status":"passed","title":"error distinto de PGRST116 sí se propaga","duration":1.4627000000000407,"failureMessages":[],"meta":{},"tags":[]},{"ancestorTitles":["[REGRESIÓN REG-007] Configuración de nómina usa upsert"],"fullName":"[REGRESIÓN REG-007] Configuración de nómina usa upsert guardarConfiguracionNomina llama upsert (no insert)","status":"passed","title":"guardarConfiguracionNomina llama upsert (no insert)","duration":1.9547999999999774,"failureMessages":[],"meta":{},"tags":[]},{"ancestorTitles":["[REGRESIÓN REG-008] formatCurrency siempre 2 decimales exactos"],"fullName":"[REGRESIÓN REG-008] formatCurrency siempre 2 decimales exactos número entero tiene .00","status":"passed","title":"número entero tiene .00","duration":0.29930000000013024,"failureMessages":[],"meta":{},"tags":[]},{"ancestorTitles":["[REGRESIÓN REG-008] formatCurrency siempre 2 decimales exactos"],"fullName":"[REGRESIÓN REG-008] formatCurrency siempre 2 decimales exactos número con 1 decimal tiene relleno .X0","status":"passed","title":"número con 1 decimal tiene relleno .X0","duration":0.1790000000000873,"failureMessages":[],"meta":{},"tags":[]},{"ancestorTitles":["[REGRESIÓN REG-008] formatCurrency siempre 2 decimales exactos"],"fullName":"[REGRESIÓN REG-008] formatCurrency siempre 2 decimales exactos número con 3 decimales se trunca a 2","status":"passed","title":"número con 3 decimales se trunca a 2","duration":0.25309999999990396,"failureMessages":[],"meta":{},"tags":[]},{"ancestorTitles":["[REGRESIÓN REG-008] formatCurrency siempre 2 decimales exactos"],"fullName":"[REGRESIÓN REG-008] formatCurrency siempre 2 decimales exactos formatCurrencyValue retorna solo número con 2 decimales sin símbolo","status":"passed","title":"formatCurrencyValue retorna solo número con 2 decimales sin símbolo","duration":0.37199999999984357,"failureMessages":[],"meta":{},"tags":[]}],"startTime":1781181000837,"endTime":1781181000855.372,"status":"passed","message":"","name":"C:/Users/NITRO V 15/Downloads/Proyecto_MInimarket-proyectoPruebas/Proyecto_MInimarket-proyectoPruebas/MiniMarketWeb-final/test/system/pruebas_regresion.test.js"},{"assertionResults":[{"ancestorTitles":["[SANIDAD] currencyFormatter"],"fullName":"[SANIDAD] currencyFormatter formatCurrency existe y retorna string","status":"passed","title":"formatCurrency existe y retorna string","duration":2.501800000000003,"failureMessages":[],"meta":{},"tags":[]},{"ancestorTitles":["[SANIDAD] currencyFormatter"],"fullName":"[SANIDAD] currencyFormatter formatCurrency de 100 es \"Bs 100.00\"","status":"passed","title":"formatCurrency de 100 es \"Bs 100.00\"","duration":0.41640000000006694,"failureMessages":[],"meta":{},"tags":[]},{"ancestorTitles":["[SANIDAD] currencyFormatter"],"fullName":"[SANIDAD] currencyFormatter formatCurrency de null no lanza error","status":"passed","title":"formatCurrency de null no lanza error","duration":1.0790000000001783,"failureMessages":[],"meta":{},"tags":[]},{"ancestorTitles":["[SANIDAD] lealtadService"],"fullName":"[SANIDAD] lealtadService el servicio existe","status":"passed","title":"el servicio existe","duration":0.2387999999996282,"failureMessages":[],"meta":{},"tags":[]},{"ancestorTitles":["[SANIDAD] lealtadService"],"fullName":"[SANIDAD] lealtadService calcularPuntosCompra retorna número","status":"passed","title":"calcularPuntosCompra retorna número","duration":0.20379999999977372,"failureMessages":[],"meta":{},"tags":[]},{"ancestorTitles":["[SANIDAD] lealtadService"],"fullName":"[SANIDAD] lealtadService calcularPuntosCompra(200) === 100","status":"passed","title":"calcularPuntosCompra(200) === 100","duration":0.1592000000000553,"failureMessages":[],"meta":{},"tags":[]},{"ancestorTitles":["[SANIDAD] lealtadService"],"fullName":"[SANIDAD] lealtadService obtenerProgramaLealtad es función async","status":"passed","title":"obtenerProgramaLealtad es función async","duration":0.7770999999997912,"failureMessages":[],"meta":{},"tags":[]},{"ancestorTitles":["[SANIDAD] devolucionesService"],"fullName":"[SANIDAD] devolucionesService el servicio existe","status":"passed","title":"el servicio existe","duration":0.2795000000000982,"failureMessages":[],"meta":{},"tags":[]},{"ancestorTitles":["[SANIDAD] devolucionesService"],"fullName":"[SANIDAD] devolucionesService obtenerPoliticasDevolucion es función async","status":"passed","title":"obtenerPoliticasDevolucion es función async","duration":0.9412000000002081,"failureMessages":[],"meta":{},"tags":[]},{"ancestorTitles":["[SANIDAD] nominaService"],"fullName":"[SANIDAD] nominaService el servicio existe","status":"passed","title":"el servicio existe","duration":0.24909999999999854,"failureMessages":[],"meta":{},"tags":[]},{"ancestorTitles":["[SANIDAD] nominaService"],"fullName":"[SANIDAD] nominaService obtenerConfiguracionNomina es función async","status":"passed","title":"obtenerConfiguracionNomina es función async","duration":0.5978000000000065,"failureMessages":[],"meta":{},"tags":[]},{"ancestorTitles":["[SANIDAD] turnosService"],"fullName":"[SANIDAD] turnosService el servicio existe","status":"passed","title":"el servicio existe","duration":0.1629000000002634,"failureMessages":[],"meta":{},"tags":[]},{"ancestorTitles":["[SANIDAD] turnosService"],"fullName":"[SANIDAD] turnosService obtenerTiposTurnos es función async","status":"passed","title":"obtenerTiposTurnos es función async","duration":0.24680000000034852,"failureMessages":[],"meta":{},"tags":[]},{"ancestorTitles":["[SANIDAD] promocionesService"],"fullName":"[SANIDAD] promocionesService el servicio existe","status":"passed","title":"el servicio existe","duration":0.14789999999993597,"failureMessages":[],"meta":{},"tags":[]},{"ancestorTitles":["[SANIDAD] Reglas de negocio críticas"],"fullName":"[SANIDAD] Reglas de negocio críticas los puntos NUNCA son negativos para compras positivas","status":"passed","title":"los puntos NUNCA son negativos para compras positivas","duration":0.20299999999997453,"failureMessages":[],"meta":{},"tags":[]},{"ancestorTitles":["[SANIDAD] Reglas de negocio críticas"],"fullName":"[SANIDAD] Reglas de negocio críticas los puntos de compra 0 son 0","status":"passed","title":"los puntos de compra 0 son 0","duration":0.08870000000024447,"failureMessages":[],"meta":{},"tags":[]},{"ancestorTitles":["[SANIDAD] Reglas de negocio críticas"],"fullName":"[SANIDAD] Reglas de negocio críticas formatCurrency siempre incluye \"Bs\" por defecto","status":"passed","title":"formatCurrency siempre incluye \"Bs\" por defecto","duration":0.4537999999997737,"failureMessages":[],"meta":{},"tags":[]},{"ancestorTitles":["[SANIDAD] Reglas de negocio críticas"],"fullName":"[SANIDAD] Reglas de negocio críticas formatCurrencyNoDecimals no tiene decimales","status":"passed","title":"formatCurrencyNoDecimals no tiene decimales","duration":0.18320000000039727,"failureMessages":[],"meta":{},"tags":[]}],"startTime":1781181000863,"endTime":1781181000873.4539,"status":"passed","message":"","name":"C:/Users/NITRO V 15/Downloads/Proyecto_MInimarket-proyectoPruebas/Proyecto_MInimarket-proyectoPruebas/MiniMarketWeb-final/test/system/pruebas_sanidad.test.js"},{"assertionResults":[{"ancestorTitles":["[AD HOC] formatCurrency - casos límite descubiertos"],"fullName":"[AD HOC] formatCurrency - casos límite descubiertos maneja strings numéricos (ej: \"99.5\" como texto)","status":"passed","title":"maneja strings numéricos (ej: \"99.5\" como texto)","duration":1.7362000000002809,"failureMessages":[],"meta":{},"tags":[]},{"ancestorTitles":["[AD HOC] formatCurrency - casos límite descubiertos"],"fullName":"[AD HOC] formatCurrency - casos límite descubiertos maneja valor 0 explícitamente (no falsy trap)","status":"passed","title":"maneja valor 0 explícitamente (no falsy trap)","duration":1.0018999999997504,"failureMessages":[],"meta":{},"tags":[]},{"ancestorTitles":["[AD HOC] formatCurrency - casos límite descubiertos"],"fullName":"[AD HOC] formatCurrency - casos límite descubiertos maneja valor negativo (devolución)","status":"passed","title":"maneja valor negativo (devolución)","duration":0.2788999999997941,"failureMessages":[],"meta":{},"tags":[]},{"ancestorTitles":["[AD HOC] formatCurrency - casos límite descubiertos"],"fullName":"[AD HOC] formatCurrency - casos límite descubiertos maneja número muy grande sin pérdida de precisión visual","status":"passed","title":"maneja número muy grande sin pérdida de precisión visual","duration":0.30310000000008586,"failureMessages":[],"meta":{},"tags":[]},{"ancestorTitles":["[AD HOC] formatCurrency - casos límite descubiertos"],"fullName":"[AD HOC] formatCurrency - casos límite descubiertos maneja NaN sin crashear","status":"passed","title":"maneja NaN sin crashear","duration":0.2595000000001164,"failureMessages":[],"meta":{},"tags":[]},{"ancestorTitles":["[AD HOC] lealtadService.calcularPuntosCompra - valores extremos"],"fullName":"[AD HOC] lealtadService.calcularPuntosCompra - valores extremos total de 1 boliviano da 1 punto (redondeo de 0.5)","status":"passed","title":"total de 1 boliviano da 1 punto (redondeo de 0.5)","duration":0.3593999999998232,"failureMessages":[],"meta":{},"tags":[]},{"ancestorTitles":["[AD HOC] lealtadService.calcularPuntosCompra - valores extremos"],"fullName":"[AD HOC] lealtadService.calcularPuntosCompra - valores extremos total de 0.5 bolivianos da 0 puntos (redondeo hacia par)","status":"passed","title":"total de 0.5 bolivianos da 0 puntos (redondeo hacia par)","duration":0.3733999999999469,"failureMessages":[],"meta":{},"tags":[]},{"ancestorTitles":["[AD HOC] lealtadService.calcularPuntosCompra - valores extremos"],"fullName":"[AD HOC] lealtadService.calcularPuntosCompra - valores extremos total negativo (caso error del sistema) no crashea","status":"passed","title":"total negativo (caso error del sistema) no crashea","duration":0.30729999999994106,"failureMessages":[],"meta":{},"tags":[]},{"ancestorTitles":["[AD HOC] lealtadService.calcularPuntosCompra - valores extremos"],"fullName":"[AD HOC] lealtadService.calcularPuntosCompra - valores extremos total de 10000 Bs da 5000 puntos exactos","status":"passed","title":"total de 10000 Bs da 5000 puntos exactos","duration":0.5013000000003558,"failureMessages":[],"meta":{},"tags":[]},{"ancestorTitles":["[AD HOC] lealtadService - respuestas malformadas de Supabase"],"fullName":"[AD HOC] lealtadService - respuestas malformadas de Supabase obtenerNivelesCliente: retorna array vacío cuando data es null","status":"passed","title":"obtenerNivelesCliente: retorna array vacío cuando data es null","duration":1.1063999999996668,"failureMessages":[],"meta":{},"tags":[]},{"ancestorTitles":["[AD HOC] lealtadService - respuestas malformadas de Supabase"],"fullName":"[AD HOC] lealtadService - respuestas malformadas de Supabase obtenerProgramaLealtad: maneja timeout simulado (Promise rechazada)","status":"passed","title":"obtenerProgramaLealtad: maneja timeout simulado (Promise rechazada)","duration":2.9279999999998836,"failureMessages":[],"meta":{},"tags":[]},{"ancestorTitles":["[AD HOC] lealtadService - respuestas malformadas de Supabase"],"fullName":"[AD HOC] lealtadService - respuestas malformadas de Supabase obtenerNivelesCliente: maneja error de red (network error)","status":"passed","title":"obtenerNivelesCliente: maneja error de red (network error)","duration":1.0296000000003005,"failureMessages":[],"meta":{},"tags":[]},{"ancestorTitles":["[AD HOC] llamadas encadenadas al mismo servicio"],"fullName":"[AD HOC] llamadas encadenadas al mismo servicio dos llamadas a obtenerProgramaLealtad retornan resultados independientes","status":"passed","title":"dos llamadas a obtenerProgramaLealtad retornan resultados independientes","duration":0.3376000000002932,"failureMessages":[],"meta":{},"tags":[]},{"ancestorTitles":["[AD HOC] llamadas encadenadas al mismo servicio"],"fullName":"[AD HOC] llamadas encadenadas al mismo servicio error en primera llamada no afecta la segunda","status":"passed","title":"error en primera llamada no afecta la segunda","duration":0.41150000000016007,"failureMessages":[],"meta":{},"tags":[]},{"ancestorTitles":["[AD HOC] cálculo de total del carrito con precio_con_descuento = 0"],"fullName":"[AD HOC] cálculo de total del carrito con precio_con_descuento = 0 precio_con_descuento = 0 usa precio 0, no el precio original","status":"passed","title":"precio_con_descuento = 0 usa precio 0, no el precio original","duration":0.15340000000014697,"failureMessages":[],"meta":{},"tags":[]},{"ancestorTitles":["[AD HOC] cálculo de total del carrito con precio_con_descuento = 0"],"fullName":"[AD HOC] cálculo de total del carrito con precio_con_descuento = 0 precio_con_descuento undefined usa precio original","status":"passed","title":"precio_con_descuento undefined usa precio original","duration":0.11110000000007858,"failureMessages":[],"meta":{},"tags":[]}],"startTime":1781181000799,"endTime":1781181000811.4116,"status":"passed","message":"","name":"C:/Users/NITRO V 15/Downloads/Proyecto_MInimarket-proyectoPruebas/Proyecto_MInimarket-proyectoPruebas/MiniMarketWeb-final/test/integration/adhoc/integracion_adhoc.test.js"},{"assertionResults":[{"ancestorTitles":["[ESQUELETO] Módulos existen y exportan correctamente"],"fullName":"[ESQUELETO] Módulos existen y exportan correctamente currencyFormatter exporta formatCurrency","status":"passed","title":"currencyFormatter exporta formatCurrency","duration":2.4438999999997577,"failureMessages":[],"meta":{},"tags":[]},{"ancestorTitles":["[ESQUELETO] Módulos existen y exportan correctamente"],"fullName":"[ESQUELETO] Módulos existen y exportan correctamente currencyFormatter exporta formatCurrencyNoDecimals","status":"passed","title":"currencyFormatter exporta formatCurrencyNoDecimals","duration":0.40970000000015716,"failureMessages":[],"meta":{},"tags":[]},{"ancestorTitles":["[ESQUELETO] Módulos existen y exportan correctamente"],"fullName":"[ESQUELETO] Módulos existen y exportan correctamente currencyFormatter exporta formatCurrencyValue","status":"passed","title":"currencyFormatter exporta formatCurrencyValue","duration":0.24120000000039,"failureMessages":[],"meta":{},"tags":[]},{"ancestorTitles":["[ESQUELETO] Módulos existen y exportan correctamente"],"fullName":"[ESQUELETO] Módulos existen y exportan correctamente lealtadService es un objeto instanciado","status":"passed","title":"lealtadService es un objeto instanciado","duration":0.33399999999983265,"failureMessages":[],"meta":{},"tags":[]},{"ancestorTitles":["[ESQUELETO] Módulos existen y exportan correctamente"],"fullName":"[ESQUELETO] Módulos existen y exportan correctamente devolucionesService es un objeto instanciado","status":"passed","title":"devolucionesService es un objeto instanciado","duration":0.21199999999998909,"failureMessages":[],"meta":{},"tags":[]},{"ancestorTitles":["[ESQUELETO] Módulos existen y exportan correctamente"],"fullName":"[ESQUELETO] Módulos existen y exportan correctamente nominaService es un objeto instanciado","status":"passed","title":"nominaService es un objeto instanciado","duration":0.2460999999998421,"failureMessages":[],"meta":{},"tags":[]},{"ancestorTitles":["[ESQUELETO] Módulos existen y exportan correctamente"],"fullName":"[ESQUELETO] Módulos existen y exportan correctamente turnosService es un objeto instanciado","status":"passed","title":"turnosService es un objeto instanciado","duration":0.22519999999985885,"failureMessages":[],"meta":{},"tags":[]},{"ancestorTitles":["[ESQUELETO] Módulos existen y exportan correctamente"],"fullName":"[ESQUELETO] Módulos existen y exportan correctamente promocionesService es un objeto instanciado","status":"passed","title":"promocionesService es un objeto instanciado","duration":0.1615999999999076,"failureMessages":[],"meta":{},"tags":[]},{"ancestorTitles":["[ESQUELETO] Contratos de API de los servicios"],"fullName":"[ESQUELETO] Contratos de API de los servicios lealtadService tiene todos sus métodos públicos","status":"passed","title":"lealtadService tiene todos sus métodos públicos","duration":0.7193999999999505,"failureMessages":[],"meta":{},"tags":[]},{"ancestorTitles":["[ESQUELETO] Contratos de API de los servicios"],"fullName":"[ESQUELETO] Contratos de API de los servicios devolucionesService tiene todos sus métodos públicos","status":"passed","title":"devolucionesService tiene todos sus métodos públicos","duration":0.3206000000000131,"failureMessages":[],"meta":{},"tags":[]},{"ancestorTitles":["[ESQUELETO] Contratos de API de los servicios"],"fullName":"[ESQUELETO] Contratos de API de los servicios nominaService tiene todos sus métodos públicos","status":"passed","title":"nominaService tiene todos sus métodos públicos","duration":0.3247000000001208,"failureMessages":[],"meta":{},"tags":[]},{"ancestorTitles":["[ESQUELETO] Contratos de API de los servicios"],"fullName":"[ESQUELETO] Contratos de API de los servicios turnosService tiene todos sus métodos públicos","status":"passed","title":"turnosService tiene todos sus métodos públicos","duration":0.16169999999965512,"failureMessages":[],"meta":{},"tags":[]},{"ancestorTitles":["[ESQUELETO] Flujo mínimo de negocio no está roto"],"fullName":"[ESQUELETO] Flujo mínimo de negocio no está roto flujo: calcular puntos → formatear total (sin DB)","status":"passed","title":"flujo: calcular puntos → formatear total (sin DB)","duration":0.22830000000021755,"failureMessages":[],"meta":{},"tags":[]},{"ancestorTitles":["[ESQUELETO] Flujo mínimo de negocio no está roto"],"fullName":"[ESQUELETO] Flujo mínimo de negocio no está roto flujo: los servicios pueden llamarse sin lanzar errores de importación","status":"passed","title":"flujo: los servicios pueden llamarse sin lanzar errores de importación","duration":1.7856000000001586,"failureMessages":[],"meta":{},"tags":[]},{"ancestorTitles":["[ESQUELETO] Flujo mínimo de negocio no está roto"],"fullName":"[ESQUELETO] Flujo mínimo de negocio no está roto flujo: cálculo de puntos es determinístico (misma entrada → mismo resultado)","status":"passed","title":"flujo: cálculo de puntos es determinístico (misma entrada → mismo resultado)","duration":0.2058999999999287,"failureMessages":[],"meta":{},"tags":[]},{"ancestorTitles":["[ESQUELETO] Configuración del entorno de pruebas"],"fullName":"[ESQUELETO] Configuración del entorno de pruebas vitest está configurado correctamente (esta prueba pasa)","status":"passed","title":"vitest está configurado correctamente (esta prueba pasa)","duration":0.1228000000000975,"failureMessages":[],"meta":{},"tags":[]},{"ancestorTitles":["[ESQUELETO] Configuración del entorno de pruebas"],"fullName":"[ESQUELETO] Configuración del entorno de pruebas las variables de entorno mockeadas están disponibles","status":"passed","title":"las variables de entorno mockeadas están disponibles","duration":0.08730000000014115,"failureMessages":[],"meta":{},"tags":[]},{"ancestorTitles":["[ESQUELETO] Configuración del entorno de pruebas"],"fullName":"[ESQUELETO] Configuración del entorno de pruebas los mocks de vi funcionan en este contexto","status":"passed","title":"los mocks de vi funcionan en este contexto","duration":0.3012999999996282,"failureMessages":[],"meta":{},"tags":[]}],"startTime":1781181000863,"endTime":1781181000872.3013,"status":"passed","message":"","name":"C:/Users/NITRO V 15/Downloads/Proyecto_MInimarket-proyectoPruebas/Proyecto_MInimarket-proyectoPruebas/MiniMarketWeb-final/test/integration/esqueleto/integracion_esqueleto.test.js"},{"assertionResults":[{"ancestorTitles":["[ASCENDENTE - Nivel 1] currencyFormatter"],"fullName":"[ASCENDENTE - Nivel 1] currencyFormatter formatCurrency: formatea número positivo correctamente","status":"passed","title":"formatCurrency: formatea número positivo correctamente","duration":2.6521999999999935,"failureMessages":[],"meta":{},"tags":[]},{"ancestorTitles":["[ASCENDENTE - Nivel 1] currencyFormatter"],"fullName":"[ASCENDENTE - Nivel 1] currencyFormatter formatCurrency: formatea número decimal correctamente","status":"passed","title":"formatCurrency: formatea número decimal correctamente","duration":0.4353000000000975,"failureMessages":[],"meta":{},"tags":[]},{"ancestorTitles":["[ASCENDENTE - Nivel 1] currencyFormatter"],"fullName":"[ASCENDENTE - Nivel 1] currencyFormatter formatCurrency: retorna Bs 0.00 para null","status":"passed","title":"formatCurrency: retorna Bs 0.00 para null","duration":0.24060000000008586,"failureMessages":[],"meta":{},"tags":[]},{"ancestorTitles":["[ASCENDENTE - Nivel 1] currencyFormatter"],"fullName":"[ASCENDENTE - Nivel 1] currencyFormatter formatCurrency: retorna Bs 0.00 para undefined","status":"passed","title":"formatCurrency: retorna Bs 0.00 para undefined","duration":0.2626000000000204,"failureMessages":[],"meta":{},"tags":[]},{"ancestorTitles":["[ASCENDENTE - Nivel 1] currencyFormatter"],"fullName":"[ASCENDENTE - Nivel 1] currencyFormatter formatCurrency: sin símbolo cuando includeSymbol=false","status":"passed","title":"formatCurrency: sin símbolo cuando includeSymbol=false","duration":0.2521999999999025,"failureMessages":[],"meta":{},"tags":[]},{"ancestorTitles":["[ASCENDENTE - Nivel 1] currencyFormatter"],"fullName":"[ASCENDENTE - Nivel 1] currencyFormatter formatCurrencyNoDecimals: redondea y agrega símbolo","status":"passed","title":"formatCurrencyNoDecimals: redondea y agrega símbolo","duration":0.23610000000007858,"failureMessages":[],"meta":{},"tags":[]},{"ancestorTitles":["[ASCENDENTE - Nivel 1] currencyFormatter"],"fullName":"[ASCENDENTE - Nivel 1] currencyFormatter formatCurrencyNoDecimals: retorna Bs 0 para null","status":"passed","title":"formatCurrencyNoDecimals: retorna Bs 0 para null","duration":0.24639999999999418,"failureMessages":[],"meta":{},"tags":[]},{"ancestorTitles":["[ASCENDENTE - Nivel 1] currencyFormatter"],"fullName":"[ASCENDENTE - Nivel 1] currencyFormatter formatCurrencyValue: retorna solo el valor sin símbolo","status":"passed","title":"formatCurrencyValue: retorna solo el valor sin símbolo","duration":0.2217000000000553,"failureMessages":[],"meta":{},"tags":[]},{"ancestorTitles":["[ASCENDENTE - Nivel 2] lealtadService"],"fullName":"[ASCENDENTE - Nivel 2] lealtadService calcularPuntosCompra: 200 → 100 puntos","status":"passed","title":"calcularPuntosCompra: 200 → 100 puntos","duration":2.1338000000000648,"failureMessages":[],"meta":{},"tags":[]},{"ancestorTitles":["[ASCENDENTE - Nivel 2] lealtadService"],"fullName":"[ASCENDENTE - Nivel 2] lealtadService calcularPuntosCompra: 101 → 51 puntos (redondeo hacia arriba)","status":"passed","title":"calcularPuntosCompra: 101 → 51 puntos (redondeo hacia arriba)","duration":0.7516000000000531,"failureMessages":[],"meta":{},"tags":[]},{"ancestorTitles":["[ASCENDENTE - Nivel 2] lealtadService"],"fullName":"[ASCENDENTE - Nivel 2] lealtadService calcularPuntosCompra: 0 → 0 puntos","status":"passed","title":"calcularPuntosCompra: 0 → 0 puntos","duration":0.6172999999998865,"failureMessages":[],"meta":{},"tags":[]},{"ancestorTitles":["[ASCENDENTE - Nivel 2] lealtadService"],"fullName":"[ASCENDENTE - Nivel 2] lealtadService obtenerProgramaLealtad: retorna programa cuando Supabase OK","status":"passed","title":"obtenerProgramaLealtad: retorna programa cuando Supabase OK","duration":3.936899999999696,"failureMessages":[],"meta":{},"tags":[]},{"ancestorTitles":["[ASCENDENTE - Nivel 2] lealtadService"],"fullName":"[ASCENDENTE - Nivel 2] lealtadService obtenerProgramaLealtad: retorna null para PGRST116 (no encontrado)","status":"passed","title":"obtenerProgramaLealtad: retorna null para PGRST116 (no encontrado)","duration":0.39940000000024156,"failureMessages":[],"meta":{},"tags":[]},{"ancestorTitles":["[ASCENDENTE - Nivel 2] lealtadService"],"fullName":"[ASCENDENTE - Nivel 2] lealtadService obtenerProgramaLealtad: lanza error para error genérico de Supabase","status":"passed","title":"obtenerProgramaLealtad: lanza error para error genérico de Supabase","duration":1.5335999999997512,"failureMessages":[],"meta":{},"tags":[]},{"ancestorTitles":["[ASCENDENTE - Nivel 2] lealtadService"],"fullName":"[ASCENDENTE - Nivel 2] lealtadService obtenerNivelesCliente: retorna lista ordenada de niveles","status":"passed","title":"obtenerNivelesCliente: retorna lista ordenada de niveles","duration":1.0162000000000262,"failureMessages":[],"meta":{},"tags":[]},{"ancestorTitles":["[ASCENDENTE - Nivel 3] devolucionesService"],"fullName":"[ASCENDENTE - Nivel 3] devolucionesService obtenerPoliticasDevolucion: retorna políticas activas","status":"passed","title":"obtenerPoliticasDevolucion: retorna políticas activas","duration":0.6006999999999607,"failureMessages":[],"meta":{},"tags":[]},{"ancestorTitles":["[ASCENDENTE - Nivel 3] devolucionesService"],"fullName":"[ASCENDENTE - Nivel 3] devolucionesService obtenerPoliticasDevolucion: lanza error cuando Supabase falla","status":"passed","title":"obtenerPoliticasDevolucion: lanza error cuando Supabase falla","duration":0.36770000000024083,"failureMessages":[],"meta":{},"tags":[]},{"ancestorTitles":["[ASCENDENTE - Nivel 3] devolucionesService"],"fullName":"[ASCENDENTE - Nivel 3] devolucionesService crearPoliticaDevolucion: inserta y retorna nueva política","status":"passed","title":"crearPoliticaDevolucion: inserta y retorna nueva política","duration":0.7139999999999418,"failureMessages":[],"meta":{},"tags":[]},{"ancestorTitles":["[ASCENDENTE - Nivel 4] Flujo completo puntos + currency"],"fullName":"[ASCENDENTE - Nivel 4] Flujo completo puntos + currency integra cálculo de puntos con el formateado del total","status":"passed","title":"integra cálculo de puntos con el formateado del total","duration":0.20280000000002474,"failureMessages":[],"meta":{},"tags":[]},{"ancestorTitles":["[ASCENDENTE - Nivel 4] Flujo completo puntos + currency"],"fullName":"[ASCENDENTE - Nivel 4] Flujo completo puntos + currency puntos cero para compra con valor formateado Bs 0.00","status":"passed","title":"puntos cero para compra con valor formateado Bs 0.00","duration":0.14229999999997744,"failureMessages":[],"meta":{},"tags":[]},{"ancestorTitles":["[ASCENDENTE - Nivel 4] Flujo completo puntos + currency"],"fullName":"[ASCENDENTE - Nivel 4] Flujo completo puntos + currency compra grande genera puntos correctos y total bien formateado","status":"passed","title":"compra grande genera puntos correctos y total bien formateado","duration":0.119499999999789,"failureMessages":[],"meta":{},"tags":[]}],"startTime":1781181000817,"endTime":1781181000836.1194,"status":"passed","message":"","name":"C:/Users/NITRO V 15/Downloads/Proyecto_MInimarket-proyectoPruebas/Proyecto_MInimarket-proyectoPruebas/MiniMarketWeb-final/test/integration/ascendente/integracion_ascendente.test.js"}]}